<?xml version="1.0" encoding="UTF-8"?>
<testsuite name="Sanity Apis Merlin Json" tests="1" skipped="0" failures="1" errors="0" timestamp="2022-07-05T21:19:50" hostname="22LAP5CD1195RQX" time="327.421">
  <properties/>
  <testcase name="Realizar creacion catalogo Atp gestion cuentas suscripcion y ejecucion" classname="Sanity Apis Merlin Json" time="327.421">
    <failure message="java.lang.AssertionError: Finaliza de manera Exitosa la automatizacion&#10;Expected: &quot;Exitoso&quot;&#10;     but: was &quot;Error&quot;" type="java.lang.AssertionError">java.lang.AssertionError: Finaliza de manera Exitosa la automatizacion
Expected: &quot;Exitoso&quot;
     but: was &quot;Error&quot;
	at org.hamcrest.MatcherAssert.assertThat(MatcherAssert.java:20)
	at com.indra.actions.ConsultResultAutomationActions.consultResultOfAutomation(ConsultResultAutomationActions.java:55)
	at com.indra.steps_definitions.SanitySteps.seObtieneLaRespuestaDeLaEjecucionDeLaAutomatizacion(SanitySteps.java:31)
	at ✽.Se obtiene la respuesta de la ejecucion de la automatizacion(src/test/resources/features/execute.feature:70)
</failure>
  </testcase>
  <system-out><![CDATA[

Se ejecuta API de Generacion del Token


16:19:52.046 [Test worker] DEBUG org.apache.http.impl.conn.BasicClientConnectionManager - Get connection for route {}->http://10.69.42.60:8089
16:19:52.054 [Test worker] DEBUG org.apache.http.impl.conn.DefaultClientConnectionOperator - Connecting to 10.69.42.60:8089
16:19:52.117 [Test worker] DEBUG org.apache.http.client.protocol.RequestAddCookies - CookieSpec selected: ignoreCookies
16:19:52.119 [Test worker] DEBUG org.apache.http.client.protocol.RequestAuthCache - Auth cache not set in the context
16:19:52.119 [Test worker] DEBUG org.apache.http.client.protocol.RequestTargetAuthentication - Target auth state: UNCHALLENGED
16:19:52.119 [Test worker] DEBUG org.apache.http.client.protocol.RequestProxyAuthentication - Proxy auth state: UNCHALLENGED
16:19:52.119 [Test worker] DEBUG org.apache.http.impl.client.DefaultHttpClient - Attempt 1 to execute request
16:19:52.119 [Test worker] DEBUG org.apache.http.impl.conn.DefaultClientConnection - Sending request: POST /api/authenticate-api HTTP/1.1
16:19:52.120 [Test worker] DEBUG org.apache.http.wire -  >> "POST /api/authenticate-api HTTP/1.1[\r][\n]"
16:19:52.121 [Test worker] DEBUG org.apache.http.wire -  >> "Accept: */*[\r][\n]"
16:19:52.121 [Test worker] DEBUG org.apache.http.wire -  >> "Content-Type: application/json; charset=UTF-8[\r][\n]"
16:19:52.121 [Test worker] DEBUG org.apache.http.wire -  >> "Content-Length: 68[\r][\n]"
16:19:52.121 [Test worker] DEBUG org.apache.http.wire -  >> "Host: 10.69.42.60:8089[\r][\n]"
16:19:52.121 [Test worker] DEBUG org.apache.http.wire -  >> "Connection: Keep-Alive[\r][\n]"
16:19:52.121 [Test worker] DEBUG org.apache.http.wire -  >> "User-Agent: Apache-HttpClient/4.5.9 (Java/1.8.0_291)[\r][\n]"
16:19:52.121 [Test worker] DEBUG org.apache.http.wire -  >> "Accept-Encoding: gzip,deflate[\r][\n]"
16:19:52.121 [Test worker] DEBUG org.apache.http.wire -  >> "[\r][\n]"
16:19:52.121 [Test worker] DEBUG org.apache.http.headers - >> POST /api/authenticate-api HTTP/1.1
16:19:52.121 [Test worker] DEBUG org.apache.http.headers - >> Accept: */*
16:19:52.121 [Test worker] DEBUG org.apache.http.headers - >> Content-Type: application/json; charset=UTF-8
16:19:52.121 [Test worker] DEBUG org.apache.http.headers - >> Content-Length: 68
16:19:52.121 [Test worker] DEBUG org.apache.http.headers - >> Host: 10.69.42.60:8089
16:19:52.121 [Test worker] DEBUG org.apache.http.headers - >> Connection: Keep-Alive
16:19:52.121 [Test worker] DEBUG org.apache.http.headers - >> User-Agent: Apache-HttpClient/4.5.9 (Java/1.8.0_291)
16:19:52.121 [Test worker] DEBUG org.apache.http.headers - >> Accept-Encoding: gzip,deflate
16:19:52.122 [Test worker] DEBUG org.apache.http.wire -  >> "{[\n]"
16:19:52.122 [Test worker] DEBUG org.apache.http.wire -  >> "    "username": "Natalia.Rios",[\n]"
16:19:52.122 [Test worker] DEBUG org.apache.http.wire -  >> "    "password": "NataliaRio.11-"[\n]"
16:19:52.122 [Test worker] DEBUG org.apache.http.wire -  >> "}"
16:19:52.189 [Test worker] DEBUG org.apache.http.wire -  << "HTTP/1.1 200 [\r][\n]"
16:19:52.190 [Test worker] DEBUG org.apache.http.wire -  << "Vary: Origin[\r][\n]"
16:19:52.190 [Test worker] DEBUG org.apache.http.wire -  << "Vary: Access-Control-Request-Method[\r][\n]"
16:19:52.190 [Test worker] DEBUG org.apache.http.wire -  << "Vary: Access-Control-Request-Headers[\r][\n]"
16:19:52.190 [Test worker] DEBUG org.apache.http.wire -  << "Vary: Origin[\r][\n]"
16:19:52.190 [Test worker] DEBUG org.apache.http.wire -  << "Vary: Access-Control-Request-Method[\r][\n]"
16:19:52.190 [Test worker] DEBUG org.apache.http.wire -  << "Vary: Access-Control-Request-Headers[\r][\n]"
16:19:52.190 [Test worker] DEBUG org.apache.http.wire -  << "X-Content-Type-Options: nosniff[\r][\n]"
16:19:52.191 [Test worker] DEBUG org.apache.http.wire -  << "X-XSS-Protection: 1; mode=block[\r][\n]"
16:19:52.191 [Test worker] DEBUG org.apache.http.wire -  << "Cache-Control: no-cache, no-store, max-age=0, must-revalidate[\r][\n]"
16:19:52.191 [Test worker] DEBUG org.apache.http.wire -  << "Pragma: no-cache[\r][\n]"
16:19:52.191 [Test worker] DEBUG org.apache.http.wire -  << "Expires: 0[\r][\n]"
16:19:52.191 [Test worker] DEBUG org.apache.http.wire -  << "X-Frame-Options: DENY[\r][\n]"
16:19:52.191 [Test worker] DEBUG org.apache.http.wire -  << "Content-Type: application/json[\r][\n]"
16:19:52.191 [Test worker] DEBUG org.apache.http.wire -  << "Transfer-Encoding: chunked[\r][\n]"
16:19:52.191 [Test worker] DEBUG org.apache.http.wire -  << "Date: Tue, 05 Jul 2022 20:35:54 GMT[\r][\n]"
16:19:52.191 [Test worker] DEBUG org.apache.http.wire -  << "Keep-Alive: timeout=60[\r][\n]"
16:19:52.191 [Test worker] DEBUG org.apache.http.wire -  << "Connection: keep-alive[\r][\n]"
16:19:52.191 [Test worker] DEBUG org.apache.http.wire -  << "[\r][\n]"
16:19:52.192 [Test worker] DEBUG org.apache.http.impl.conn.DefaultClientConnection - Receiving response: HTTP/1.1 200 
16:19:52.192 [Test worker] DEBUG org.apache.http.headers - << HTTP/1.1 200 
16:19:52.192 [Test worker] DEBUG org.apache.http.headers - << Vary: Origin
16:19:52.192 [Test worker] DEBUG org.apache.http.headers - << Vary: Access-Control-Request-Method
16:19:52.192 [Test worker] DEBUG org.apache.http.headers - << Vary: Access-Control-Request-Headers
16:19:52.192 [Test worker] DEBUG org.apache.http.headers - << Vary: Origin
16:19:52.192 [Test worker] DEBUG org.apache.http.headers - << Vary: Access-Control-Request-Method
16:19:52.192 [Test worker] DEBUG org.apache.http.headers - << Vary: Access-Control-Request-Headers
16:19:52.192 [Test worker] DEBUG org.apache.http.headers - << X-Content-Type-Options: nosniff
16:19:52.192 [Test worker] DEBUG org.apache.http.headers - << X-XSS-Protection: 1; mode=block
16:19:52.192 [Test worker] DEBUG org.apache.http.headers - << Cache-Control: no-cache, no-store, max-age=0, must-revalidate
16:19:52.192 [Test worker] DEBUG org.apache.http.headers - << Pragma: no-cache
16:19:52.192 [Test worker] DEBUG org.apache.http.headers - << Expires: 0
16:19:52.192 [Test worker] DEBUG org.apache.http.headers - << X-Frame-Options: DENY
16:19:52.192 [Test worker] DEBUG org.apache.http.headers - << Content-Type: application/json
16:19:52.192 [Test worker] DEBUG org.apache.http.headers - << Transfer-Encoding: chunked
16:19:52.192 [Test worker] DEBUG org.apache.http.headers - << Date: Tue, 05 Jul 2022 20:35:54 GMT
16:19:52.192 [Test worker] DEBUG org.apache.http.headers - << Keep-Alive: timeout=60
16:19:52.192 [Test worker] DEBUG org.apache.http.headers - << Connection: keep-alive
16:19:52.197 [Test worker] DEBUG org.apache.http.impl.client.DefaultHttpClient - Connection can be kept alive for 60000 MILLISECONDS
16:19:52.215 [Test worker] DEBUG io.restassured.internal.RequestSpecificationImpl$RestAssuredHttpBuilder - Parsing response as: application/json
16:19:52.216 [Test worker] DEBUG io.restassured.internal.RequestSpecificationImpl$RestAssuredHttpBuilder - Parsed data to instance of: class org.apache.http.conn.EofSensorInputStream
16:19:52.268 [Test worker] DEBUG org.apache.http.wire -  << "df[\r][\n]"
16:19:52.268 [Test worker] DEBUG org.apache.http.wire -  << "{"role":"Analista QA","rights":"ejecutar","username":"Natalia.Rios","token":"eyJhbGciOiJIUzI1NiJ9.eyJzdWIiOiJOYXRhbGlhLlJpb3NBUEkiLCJleHAiOjE2NTcwODkzNTQsImlhdCI6MTY1NzA1MzM1NH0.f5pCq9DbmAumWvbCPEGRVB0-nla_xVapgpf5ig63HH8"}"
16:19:52.269 [Test worker] DEBUG org.apache.http.wire -  << "[\r][\n]"
16:19:52.269 [Test worker] DEBUG org.apache.http.wire -  << "0[\r][\n]"
16:19:52.269 [Test worker] DEBUG org.apache.http.wire -  << "[\r][\n]"
16:19:52.269 [Test worker] DEBUG org.apache.http.impl.conn.BasicClientConnectionManager - Releasing connection org.apache.http.impl.conn.ManagedClientConnectionImpl@1da981c8
16:19:52.269 [Test worker] DEBUG org.apache.http.impl.conn.BasicClientConnectionManager - Connection can be kept alive for 60000 MILLISECONDS
16:19:52.378 [Finalizer] DEBUG org.apache.http.impl.conn.DefaultClientConnection - Connection 0.0.0.0:49183<->10.69.42.60:8089 closed


Se ejecuta API AutomatizaciÃ³n


16:19:52.852 [Test worker] DEBUG org.apache.http.impl.conn.BasicClientConnectionManager - Get connection for route {}->http://10.69.42.60:8089
16:19:52.852 [Test worker] DEBUG org.apache.http.impl.conn.DefaultClientConnectionOperator - Connecting to 10.69.42.60:8089
16:19:52.891 [Test worker] DEBUG org.apache.http.client.protocol.RequestAddCookies - CookieSpec selected: ignoreCookies
16:19:52.891 [Test worker] DEBUG org.apache.http.client.protocol.RequestAuthCache - Auth cache not set in the context
16:19:52.892 [Test worker] DEBUG org.apache.http.client.protocol.RequestProxyAuthentication - Proxy auth state: UNCHALLENGED
16:19:52.892 [Test worker] DEBUG org.apache.http.impl.client.DefaultHttpClient - Attempt 1 to execute request
16:19:52.892 [Test worker] DEBUG org.apache.http.impl.conn.DefaultClientConnection - Sending request: POST /api/external-automation HTTP/1.1
16:19:52.892 [Test worker] DEBUG org.apache.http.wire -  >> "POST /api/external-automation HTTP/1.1[\r][\n]"
16:19:52.892 [Test worker] DEBUG org.apache.http.wire -  >> "Authorization: Bearer eyJhbGciOiJIUzI1NiJ9.eyJzdWIiOiJOYXRhbGlhLlJpb3NBUEkiLCJleHAiOjE2NTcwODkzNTQsImlhdCI6MTY1NzA1MzM1NH0.f5pCq9DbmAumWvbCPEGRVB0-nla_xVapgpf5ig63HH8[\r][\n]"
16:19:52.892 [Test worker] DEBUG org.apache.http.wire -  >> "Accept: */*[\r][\n]"
16:19:52.892 [Test worker] DEBUG org.apache.http.wire -  >> "Content-Type: application/json; charset=UTF-8[\r][\n]"
16:19:52.892 [Test worker] DEBUG org.apache.http.wire -  >> "Content-Length: 16685[\r][\n]"
16:19:52.892 [Test worker] DEBUG org.apache.http.wire -  >> "Host: 10.69.42.60:8089[\r][\n]"
16:19:52.892 [Test worker] DEBUG org.apache.http.wire -  >> "Connection: Keep-Alive[\r][\n]"
16:19:52.892 [Test worker] DEBUG org.apache.http.wire -  >> "User-Agent: Apache-HttpClient/4.5.9 (Java/1.8.0_291)[\r][\n]"
16:19:52.892 [Test worker] DEBUG org.apache.http.wire -  >> "Accept-Encoding: gzip,deflate[\r][\n]"
16:19:52.892 [Test worker] DEBUG org.apache.http.wire -  >> "[\r][\n]"
16:19:52.892 [Test worker] DEBUG org.apache.http.headers - >> POST /api/external-automation HTTP/1.1
16:19:52.892 [Test worker] DEBUG org.apache.http.headers - >> Authorization: Bearer eyJhbGciOiJIUzI1NiJ9.eyJzdWIiOiJOYXRhbGlhLlJpb3NBUEkiLCJleHAiOjE2NTcwODkzNTQsImlhdCI6MTY1NzA1MzM1NH0.f5pCq9DbmAumWvbCPEGRVB0-nla_xVapgpf5ig63HH8
16:19:52.893 [Test worker] DEBUG org.apache.http.headers - >> Accept: */*
16:19:52.893 [Test worker] DEBUG org.apache.http.headers - >> Content-Type: application/json; charset=UTF-8
16:19:52.893 [Test worker] DEBUG org.apache.http.headers - >> Content-Length: 16685
16:19:52.893 [Test worker] DEBUG org.apache.http.headers - >> Host: 10.69.42.60:8089
16:19:52.893 [Test worker] DEBUG org.apache.http.headers - >> Connection: Keep-Alive
16:19:52.893 [Test worker] DEBUG org.apache.http.headers - >> User-Agent: Apache-HttpClient/4.5.9 (Java/1.8.0_291)
16:19:52.893 [Test worker] DEBUG org.apache.http.headers - >> Accept-Encoding: gzip,deflate
16:19:52.893 [Test worker] DEBUG org.apache.http.wire -  >> "{[\n]"
16:19:52.894 [Test worker] DEBUG org.apache.http.wire -  >> "    "contentFeature": [[\n]"
16:19:52.894 [Test worker] DEBUG org.apache.http.wire -  >> "        "Feature: Gestionar cuentas ATP\n\n         Scenario Outline: Gestionar cuentas ATP\n\tGiven Deseo navegar a la pagina <urlCRM>\n    And Ingreso rapidamente <userNameCRM> en el campo \"User\" sin captura\n    And Ingreso rapidamente <passwordCRM> en el campo \"Password\" sin captura\n    And Doy click en \"Submit\" sin captura\n    And Doy click en \"Venta\"\n    And Espero que la pagina cargue\n    And Selecciono en el arbol la opcion <Activacion>\n    And Selecciono en el arbol la opcion <ATP>\n    And Doy click en \"gestionar Cuentas\"\n    And Espero <tiempoEspera> segundos\n    And Espero que el iFrame \"transaccion crm portal\" cargue\n    And Cargo la pagina interna \"transaccion crm portal\"\n    And Ingreso rapidamente <nitCliente> en el campo \"nit cuenta\"\n    And Doy click en \"agregar cuenta\"\n    And Espero <tiempoEspera> segundos\n    And Ingreso rapidamente <nitCliente> en el campo \"Agregar Nit\" sin captura\n    And Ingreso rapidamente <NombreEmpresa> en el campo \"Nombre Empresa\" sin captura\n    And Ingreso rapidamente <NombreContactoEmpresa> en el campo \"Nombre Contacto Empresa\" sin captura\n    And Ingreso rapidamente <TelefonoContactoEmpresa> en el campo \"Telefono Contacto Empresa\" sin captura\n    And Ingreso rapidamente <emailcuenta> en el campo \"Email Cuenta\" sin captura\n    And Ingreso rapidamente <NombreAsesorCuenta> en el campo \"NombreAsesorCuenta\" sin captura\n    And Selecciono <CicloCuenta> de la lista \"Ciclo Cuenta\"\n    And Cambio la descripcion del paso anterior por <datosDeCuenta>\n    And Doy click en \"Guardar Nueva Cuenta\"\n    And Doy click en \"Aceptar cuenta padre\" sin captura\n    And Espero <tiempoEspera> segundos\n    And Doy click en \"buscar Cuentas\"\n    And Espero <tiempoEspera> segundos\n    And Doy click en \"agregarcliente\"\n    And Ingreso rapidamente <nomEmpresa> en el campo \"Nombre Empresa Cliente\"\n    And Ingreso rapidamente <nomContacto> en el campo \"Nombre Contacto cliente\"\n    And Doy click en \"guardarnuevacuentac\"\n    And Doy click en \"aceptar nuevo cliente\"\n     And Deseo navegar a la pagina <urlCRM>\n    And Doy click en \"Venta\"\n    And Espero que la pagina cargue\n    And Doy click en \"Contratos\"\n    And Espero <tiempoEspera> segundos\n    And Espero que el iFrame \"transaccion crm portal\" cargue\n    And Cargo la pagina interna \"transaccion crm portal\"\n    And Selecciono <opcionBusqueda> de la lista \"opcionbusqueda\"\n    And Ingreso rapidamente <nitCliente> en el campo \"campovalor\"\n    And Doy click en \"buscarcontrato\"\n    And Espero que el elemento \"loadingmodalboxc\" sea invisible\n    And Doy click en \"nuevocontrato\"\n    And Espero que el elemento \"loadingmodalboxc\" sea invisible\n    And Doy click en \"botonlupa\"\n    And Espero que el elemento \"loadingmodalboxc\" sea invisible\n    And Modifico el atributo <atributo> del campo \"camponit\" por <nitCliente>\n    And Presiono la tecla <tecla> en el campo \"camponit\"\n    And Doy click en \"cargarnit\"\n    And Espero que el elemento \"loadingmodalboxc\" sea invisible\n    And Selecciono <vigenciaContrato> de la lista \"vigenciacontrato\"\n    And Espero que el elemento \"loadingmodalboxc\" sea invisible\n    And Selecciono <rangoContrato> de la lista \"rangocontrato\"\n    And Selecciono <tipoContrato> de la lista \"tipocontrato\"\n    And Doy click en \"guardarcontrato\"\n    And Espero que el elemento \"loadingmodalboxc\" sea invisible\n    And Doy click en \"aceptarcontrato\"\n    And Espero que el elemento \"loadingmodalboxc\" sea invisible\n    And Valido que valor del campo \"mensajefinal\" sea <mensajeFinal>\n\n Examples:\n|urlCRM|userNameCRM|passwordCRM|Activacion|ATP|tiempoEspera|nitCliente|NombreEmpresa|NombreContactoEmpresa|TelefonoContactoEmpresa|emailcuenta|NombreAsesorCuenta|CicloCuenta|datosDeCuenta|nomEmpresa|nomContacto|opcionBusqueda|atributo|tecla|vigenciaContrato|rangoContrato|tipoContrato|mensajeFinal|\n|\"http://10.69.60.140:8280/portal/login?initialURI=%2Fportal%2FCRMPortal%2F\"|\"CP1112792576\"|\"Tigo.2022*\"|\"Activaci[0xc3][0x83][0xc2][0xb3]n\"|\"ATP Corporativo\"|\"5\"|\"null\"|\"Comercial Nutresa SAS\"|\"Comercial Nutresa\"|\"3335555\"|\"contacto@correo.com\"|\"Natalia\"|\"Default\"|\"Se ingresan los datos de la cuenta\"|\"Comercial Nutresa SAS\"|\"Comercial Nutresa\"|\"NIT\"|\"value\"|\"Tab\"|\"12\"|\"500,000.00 - 1,000,000.00\"|\"B2B\"|\"Se creo correctamente el contrato\"|\n",[\n]"
16:19:52.894 [Test worker] DEBUG org.apache.http.wire -  >> "        "Feature: Suscripci[0xc3][0x83][0xc2][0xb3]n de catalogo ATP Corporativo\n\n   Scenario Outline: Suscripci[0xc3][0x83][0xc2][0xb3]n de catalogo ATP Corporativo\n\tGiven Deseo navegar a la pagina <urlCRM>\n    And Ingreso rapidamente <userNameCRM> en el campo \"User\"\n    And Ingreso rapidamente <passwordCRM> en el campo \"Password\"\n    And Doy click en \"Submit\"\n    And Doy click en \"Venta\"\n    And Espero que la pagina cargue\n    And Selecciono en el arbol la opcion <Activacion>\n    And Selecciono en el arbol la opcion <ATPCorporativo>\n    And Doy click en \"Suscripcion de catalago\"\n    And Espero <tiempoEspera> segundos\n    And Espero que el iFrame \"transaccion crm portal\" cargue\n    And Cargo la pagina interna \"transaccion crm portal\"\n    And Selecciono <flitrocatalago> de la lista \"flitrocatalago\"\n    And Ingreso rapidamente <busquedacatalogo> en el campo \"busquedacatalogo\"\n    And Doy click en \"buscarcatalogo\"\n    And Espero que el elemento \"loadingcatalogo\" sea invisible\n    And Modifico el atributo <atributo> del campo \"buscarcliente\" por <valorAtributoCliente>\n    And Presiono la tecla <tecla> en el campo \"buscarcliente\"\n    And Doy click en \"tablacuentacliente\"\n    And Espero que el elemento \"loadingcatalogo\" sea invisible\n    And Doy click en \"agregarperfil\"\n    And Espero que el elemento \"loadingcatalogo\" sea invisible\n    And Ingreso rapidamente <nombreperfil> en el campo \"nombreperfil\"\n    And Ingreso rapidamente <descripcionperfil> en el campo \"descripcionperfil\"\n    And Doy click en \"crearperfil\"\n    And Espero que el elemento \"loadingcatalogo\" sea invisible\n    And Valido que valor del campo \"resultadocrearperfil\" sea <resultadocrearperfil>\n    And Doy click en \"cerrarmodal\"\n    And Modifico el atributo <atributo> del campo \"nombredelperfil\" por <nombreperfil>\n    And Presiono la tecla <tecla> en el campo \"nombredelperfil\"\n    And Espero que el elemento \"loadingcatalogo\" sea invisible\n    And Doy click en \"agregarservicio\"\n    And Espero que el elemento \"loadingcatalogo\" sea invisible\n    And Selecciono <tiposervicio> de la lista \"tiposervicio\"\n    And Espero que el elemento \"loadingcatalogo\" sea invisible\n    When Busco en la tabla \"tablaservicio\" el valor <servicio> por <mapType> partiendo de <inicioTabla> y doy click \"serviciobox\" cuando encuentro \"descripcionservicio\"\n    And Espero que el elemento \"loadingcatalogo\" sea invisible\n    And Doy click en \"asociarservicio\"\n    And Espero que el elemento \"loadingcatalogo\" sea invisible\n    And Valido que valor del campo \"resultadoservicio\" sea <resultadoservicio>\n    And Doy click en \"cerrarmodalservicio\"\n    And Espero que el elemento \"loadingcatalogo\" sea invisible\n    And Doy click en \"agregarlinea\"\n    And Espero que el elemento \"loadingcatalogo\" sea invisible\n    And Selecciono <tipoasociarlinea> de la lista \"tipoasociarlinea\"\n    And Espero que el elemento \"loadingcatalogo\" sea invisible\n    And Ingreso rapidamente <asociarlinea> en el campo \"asociarlinea\"\n    And Doy click en \"botonvalidar\"\n    And Espero que el elemento \"loadingcatalogo\" sea invisible\n    And Valido que valor del campo \"resultmsisdn\" sea <resultmsisdn>\n    And Doy click en \"cerrarasociarlinea\"\n    And Espero que el elemento \"loadingcatalogo\" sea invisible\n    And Doy click en \"guardarcatalogo\"\n    And Espero que el elemento \"loadingcatalogo\" sea invisible\n    And Doy click en \"aceptaralerta\"\n    And Espero que el elemento \"loadingcatalogo\" sea invisible\n    And Valido que valor del campo \"mensajecatalogo\" sea <mensajecatalogo>\n\n Examples:\n|urlCRM|userNameCRM|passwordCRM|Activacion|ATPCorporativo|tiempoEspera|flitrocatalago|busquedacatalogo|atributo|valorAtributoCliente|tecla|nombreperfil|descripcionperfil|resultadocrearperfil|tiposervicio|servicio|mapType|inicioTabla|resultadoservicio|tipoasociarlinea|asociarlinea|resultmsisdn|mensajecatalogo|\n|\"http://10.69.60.140:8280/portal/login?initialURI=%2Fportal%2FCRMPortal%2F\"|\"CP1112792576\"|\"Tigo.2022*\"|\"Activaci[0xc3][0x83][0xc2][0xb3]n\"|\"ATP Corporativo\"|\"5\"|\"NIT\"|\"null\"|\"value\"|\"Comercial Nutresa SAS\"|\"tab\"|\"perfil\"|\"descripcion\"|\"Perfil se agrego con Exito..!\"|\"DATA\"|\"Voz y SMS Todo Destino infinitos + 20GB WA+Mail+Smart P3\"|\"id\"|\"0\"|\"Servicio Asociado Exitosamente.\"|\"Individual\"|\"3045981670\"|\"El MSISDN: 3045981670,se ha asociado con Exito.\"|\"Catalogo Guardado Exitosamente\"|\n",[\n]"
16:19:52.895 [Test worker] DEBUG org.apache.http.wire -  >> "        "Feature: Ejecutar catalogo ATP Corporativo\n\n    Scenario Outline: Ejecutar catalogo ATP Corporativo\n\tGiven Deseo navegar a la pagina <urlCRM>\n    And Ingreso rapidamente <userNameCRM> en el campo \"User\"\n    And Ingreso rapidamente <passwordCRM> en el campo \"Password\"\n    And Doy click en \"Submit\"\n    And Doy click en \"Venta\"\n    And Espero que la pagina cargue\n    And Selecciono en el arbol la opcion <Activacion>\n    And Selecciono en el arbol la opcion <ATPCorporativo>\n    And Doy click en \"Suscripcion de catalago\"\n    And Espero <tiempoEspera> segundos\n    And Espero que el iFrame \"transaccion crm portal\" cargue\n    And Cargo la pagina interna \"transaccion crm portal\"\n    And Selecciono <flitrocatalago> de la lista \"flitrocatalago\"\n    And Ingreso rapidamente <busquedacatalogo> en el campo \"busquedacatalogo\"\n    And Doy click en \"buscarcatalogo\"\n    And Espero que el elemento \"loadingcatalogo\" sea invisible\n    When Modifico el atributo <atributo> del campo \"buscarcliente\" por <valorAtributoCliente>\n    And Presiono la tecla <tecla> en el campo \"buscarcliente\"\n    And Doy click en \"tablacuentacliente\"\n    And Espero que el elemento \"loadingcatalogo\" sea invisible\n    And Doy click en \"ejecutarcatalogo\"\n    And Espero que el elemento \"loadingcatalogo\" sea invisible\n    And Ingreso rapidamente <idvendedorcatalago> en el campo \"idvendedorcatalago\"\n    And Doy click en \"aceptarvendedor\"\n    And Espero que el elemento \"loadingcatalogo\" sea invisible\n    And Doy click en \"aceptaralertaejecucion\"\n    And Espero que el elemento \"loadingcatalogo\" sea invisible\n    And Capturo con scroll la informacion completa de la pagina\n    Then Verifico el mensaje <mensajeFinal> buscando en la lista \"resultados postventa\" y realizo scroll hasta el \"Resultado cambio\"\n\n Examples:\n|urlCRM|userNameCRM|passwordCRM|Activacion|ATPCorporativo|tiempoEspera|flitrocatalago|busquedacatalogo|atributo|valorAtributoCliente|tecla|idvendedorcatalago|mensajeFinal|\n|\"http://10.69.60.140:8280/portal/login?initialURI=%2Fportal%2FCRMPortal%2F\"|\"CP1112792576\"|\"Tigo.2022*\"|\"Activaci[0xc3][0x83][0xc2][0xb3]n\"|\"ATP Corporativo\"|\"5\"|\"NIT\"|\"null\"|\"value\"|\"Comercial Nutresa SAS\"|\"tab\"|\"1112792576\"|\"\"|\n"[\n]"
16:19:52.895 [Test worker] DEBUG org.apache.http.wire -  >> "    ],[\n]"
16:19:52.895 [Test worker] DEBUG org.apache.http.wire -  >> "    "nameFeature": [[\n]"
16:19:52.895 [Test worker] DEBUG org.apache.http.wire -  >> "        "ESC001_ Gestionar cuentas ATP",[\n]"
16:19:52.895 [Test worker] DEBUG org.apache.http.wire -  >> "        "ESC002_ Suscripci[0xc3][0x83][0xc2][0xb3]n de catalogo ATP Corporativo",[\n]"
16:19:52.895 [Test worker] DEBUG org.apache.http.wire -  >> "        "ESC003_ Ejecutar catalogo ATP Corporativo"[\n]"
16:19:52.895 [Test worker] DEBUG org.apache.http.wire -  >> "    ],[\n]"
16:19:52.895 [Test worker] DEBUG org.apache.http.wire -  >> "    "contentProperties": [[\n]"
16:19:52.895 [Test worker] DEBUG org.apache.http.wire -  >> "        "|User=id:username|Password=id:password|Submit=name:login|Venta=linkText:Venta|gestionar Cuentas=linkText:Gestionar Cuentas|transaccion crm portal=id:iframe|nit cuenta=//input[@name='formBuscarCuenta:j_id24']|agregar cuenta=//input[@id='formBuscarCuenta:j_id26']|Agregar Nit=//input[@id='formAgregarCuenta:agregarNit']|Nombre Empresa=//input[@id='formAgregarCuenta:agregarNombre']|Nombre Contacto Empresa=//input[@id='formAgregarCuenta:addNombreContacto']|Telefono Contacto Empresa=//input[@id='formAgregarCuenta:addTelefonoContacto']|Email Cuenta=//input[@id='formAgregarCuenta:agregarEmail']|NombreAsesorCuenta=//input[@id='formAgregarCuenta:addNombreAsesor']|Ciclo Cuenta=//select[@id='formAgregarCuenta:addCiclo']|Guardar Nueva Cuenta=//input[@id='formAgregarCuenta:btnGuardarNuevaCuenta']|Aceptar cuenta padre=//input[@id='formConfAgregarCuenta:j_id175']|buscar Cuentas=//input[@id='formBuscarCuenta:j_id25']|agregarcliente=//input[@id='formCuentaResult:j_id68']|Nombre Empresa Cliente=//input[@id='formAgregarCliente:agregarNombre']|Nombre Contacto cliente=//input[@id='formAgregarCliente:addNombreContacto']|guardarnuevacuentac=//input[@id='formAgregarCliente:btnGuardarNuevaCuenta']|aceptar nuevo cliente=//input[@id='formConfAgregarCuenta:j_id175']|Contratos=linkText:Contratos|opcionbusqueda=id:formContract:formSearchContract:tipoFiltro|campovalor=id:formContract:formSearchContract:valorFiltro|buscarcontrato=id:formContract:formSearchContract:searchContractsButton|loadingmodalboxc=id:formContract:ajaxLoadingModalBoxC|nuevocontrato=id:formContract:formSearchContract:btnNuevoContrato|botonlupa=id:formContract:formNewContrato:searchAccount|camponit=name:formSearchAccount:j_id120:j_id127fsp|cargarnit=//a[@id='formSearchAccount:j_id120:0:downloadAccount']//img|vigenciacontrato=id:formContract:formNewContrato:idTypeDiscount|rangocontrato=id:formContract:formNewContrato:range|tipocontrato=id:formContract:formNewContrato:idTypeContract|guardarcontrato=id:formContract:formNewContrato:btnGuardar|aceptarcontrato=id:formNewContract:j_id148|mensajefinal=//span[contains(text(),'Se creo correctamente el contrato')]|",[\n]"
16:19:52.896 [Test worker] DEBUG org.apache.http.wire -  >> "        "|User=id:username|Password=id:password|Submit=name:login|Venta=linkText:Venta|Suscripcion de catalago=//a[contains(text(),'Suscripci')]|transaccion crm portal=id:iframe|flitrocatalago=id:forCatalogo:tipoFiltro|busquedacatalogo=id:forCatalogo:nitEmpresa|buscarcatalogo=id:forCatalogo:j_id9|loadingcatalogo=id:forCatalogo:processPContainer|buscarcliente=name:forCatalogo:tablaCuenta:j_id19fsp|tablacuentacliente=id:forCatalogo:tablaCuenta:0:j_id19|agregarperfil=id:forCatalogo:j_id93|nombreperfil=id:forModalPerfil:nomPerfil|descripcionperfil=id:forModalPerfil:desPerfil|crearperfil=id:forModalPerfil:j_id130|resultadocrearperfil=//span[@id='forModalPerfil:resultModal']//ul[@class='message']|cerrarmodal=//img[@id='hidelink']|nombredelperfil=name:forCatalogo:tablaPerfil:j_id58fsp|agregarservicio=//a[@id='forCatalogo:tablaPerfil:0:addPlan']//img|tiposervicio=id:forModalAddPlan:selectCheckBoxService|tablaservicio=id:forModalAddPlan:tablaAddPlanes:n|serviciobox=id:forModalAddPlan:tablaAddPlanes:%s:chkFactura|descripcionservicio=id:forModalAddPlan:tablaAddPlanes:%s:j_id322|asociarservicio=id:forModalAddPlan:j_id330|resultadoservicio=//li[contains(text(),'Servicio Asociado Exitosamente.')]|cerrarmodalservicio=//img[@id='addPlan']|agregarlinea=//a[@id='forCatalogo:tablaPerfil:0:addMsisdn']//img|tipoasociarlinea=id:forModalAddLinea:tipoAsociacion|asociarlinea=id:forModalAddLinea:msisdn|botonvalidar=id:forModalAddLinea:j_id227|resultmsisdn=//*[@id=\"forModalAddLinea:resultModal\"]/ul|cerrarasociarlinea=//img[@id='addlink']|guardarcatalogo=id:forCatalogo:btnGuardarCat|aceptaralerta=id:forAlertG:j_id379|mensajecatalogo=//li[contains(text(),'Catalogo Guardado Exitosamente')]|",[\n]"
16:19:52.896 [Test worker] DEBUG org.apache.http.wire -  >> "        "|User=id:username|Password=id:password|Submit=name:login|Venta=linkText:Venta|Suscripcion de catalago=//a[contains(text(),'Suscripci')]|transaccion crm portal=id:iframe|flitrocatalago=id:forCatalogo:tipoFiltro|busquedacatalogo=id:forCatalogo:nitEmpresa|buscarcatalogo=id:forCatalogo:j_id9|loadingcatalogo=id:forCatalogo:processPContainer|buscarcliente=name:forCatalogo:tablaCuenta:j_id19fsp|tablacuentacliente=id:forCatalogo:tablaCuenta:0:j_id19|ejecutarcatalogo=id:forCatalogo:btnEjecutarCat|idvendedorcatalago=id:forAlertEId:idVendedor|aceptarvendedor=id:forAlertEId:btnAceptarMdlVendor|aceptaralertaejecucion=id:forAlertEId:j_id400|resultados postventa=//body//li[@class='infomsg']|Resultado cambio=xpath://body//li[%s]|"[\n]"
16:19:52.896 [Test worker] DEBUG org.apache.http.wire -  >> "    ],[\n]"
16:19:52.896 [Test worker] DEBUG org.apache.http.wire -  >> "    "allowsTrace": "0",[\n]"
16:19:52.896 [Test worker] DEBUG org.apache.http.wire -  >> "    "browser": "firefox",[\n]"
16:19:52.896 [Test worker] DEBUG org.apache.http.wire -  >> "    "aplicationType": [[\n]"
16:19:52.896 [Test worker] DEBUG org.apache.http.wire -  >> "        "Web",[\n]"
16:19:52.896 [Test worker] DEBUG org.apache.http.wire -  >> "        "Web",[\n]"
16:19:52.896 [Test worker] DEBUG org.apache.http.wire -  >> "        "Web",[\n]"
16:19:52.896 [Test worker] DEBUG org.apache.http.wire -  >> "        "Web"[\n]"
16:19:52.896 [Test worker] DEBUG org.apache.http.wire -  >> "    ],[\n]"
16:19:52.896 [Test worker] DEBUG org.apache.http.wire -  >> "    "aplication": [[\n]"
16:19:52.896 [Test worker] DEBUG org.apache.http.wire -  >> "        "CRM",[\n]"
16:19:52.897 [Test worker] DEBUG org.apache.http.wire -  >> "        "CRM",[\n]"
16:19:52.897 [Test worker] DEBUG org.apache.http.wire -  >> "        "CRM",[\n]"
16:19:52.897 [Test worker] DEBUG org.apache.http.wire -  >> "        "CRM"[\n]"
16:19:52.897 [Test worker] DEBUG org.apache.http.wire -  >> "    ],[\n]"
16:19:52.897 [Test worker] DEBUG org.apache.http.wire -  >> "    "process": [[\n]"
16:19:52.897 [Test worker] DEBUG org.apache.http.wire -  >> "        " Gestionar cuentas ATP",[\n]"
16:19:52.897 [Test worker] DEBUG org.apache.http.wire -  >> "        " Suscripci[0xc3][0x83][0xc2][0xb3]n de catalogo ATP Corporativo",[\n]"
16:19:52.897 [Test worker] DEBUG org.apache.http.wire -  >> "        " Ejecutar catalogo ATP Corporativo",[\n]"
16:19:52.897 [Test worker] DEBUG org.apache.http.wire -  >> "        " Contrato cliente ATP Corporativo"[\n]"
16:19:52.897 [Test worker] DEBUG org.apache.http.wire -  >> "    ],[\n]"
16:19:52.897 [Test worker] DEBUG org.apache.http.wire -  >> "    "iterations": [[\n]"
16:19:52.897 [Test worker] DEBUG org.apache.http.wire -  >> "        1,[\n]"
16:19:52.897 [Test worker] DEBUG org.apache.http.wire -  >> "        1,[\n]"
16:19:52.897 [Test worker] DEBUG org.apache.http.wire -  >> "        1[\n]"
16:19:52.897 [Test worker] DEBUG org.apache.http.wire -  >> "    ],[\n]"
16:19:52.897 [Test worker] DEBUG org.apache.http.wire -  >> "    "appTypeToValidate": [[\n]"
16:19:52.897 [Test worker] DEBUG org.apache.http.wire -  >> "        "1",[\n]"
16:19:52.897 [Test worker] DEBUG org.apache.http.wire -  >> "        "1",[\n]"
16:19:52.897 [Test worker] DEBUG org.apache.http.wire -  >> "        "1",[\n]"
16:19:52.897 [Test worker] DEBUG org.apache.http.wire -  >> "        "1"[\n]"
16:19:52.897 [Test worker] DEBUG org.apache.http.wire -  >> "    ],[\n]"
16:19:52.897 [Test worker] DEBUG org.apache.http.wire -  >> "    "testError": false,[\n]"
16:19:52.897 [Test worker] DEBUG org.apache.http.wire -  >> "    "stopejecution": false[\n]"
16:19:52.897 [Test worker] DEBUG org.apache.http.wire -  >> "}"
16:19:53.062 [Test worker] DEBUG org.apache.http.wire -  << "HTTP/1.1 200 [\r][\n]"
16:19:53.062 [Test worker] DEBUG org.apache.http.wire -  << "Vary: Origin[\r][\n]"
16:19:53.062 [Test worker] DEBUG org.apache.http.wire -  << "Vary: Access-Control-Request-Method[\r][\n]"
16:19:53.062 [Test worker] DEBUG org.apache.http.wire -  << "Vary: Access-Control-Request-Headers[\r][\n]"
16:19:53.062 [Test worker] DEBUG org.apache.http.wire -  << "X-Content-Type-Options: nosniff[\r][\n]"
16:19:53.062 [Test worker] DEBUG org.apache.http.wire -  << "X-XSS-Protection: 1; mode=block[\r][\n]"
16:19:53.062 [Test worker] DEBUG org.apache.http.wire -  << "Cache-Control: no-cache, no-store, max-age=0, must-revalidate[\r][\n]"
16:19:53.062 [Test worker] DEBUG org.apache.http.wire -  << "Pragma: no-cache[\r][\n]"
16:19:53.062 [Test worker] DEBUG org.apache.http.wire -  << "Expires: 0[\r][\n]"
16:19:53.062 [Test worker] DEBUG org.apache.http.wire -  << "X-Frame-Options: DENY[\r][\n]"
16:19:53.062 [Test worker] DEBUG org.apache.http.wire -  << "Content-Type: application/json[\r][\n]"
16:19:53.062 [Test worker] DEBUG org.apache.http.wire -  << "Transfer-Encoding: chunked[\r][\n]"
16:19:53.062 [Test worker] DEBUG org.apache.http.wire -  << "Date: Tue, 05 Jul 2022 20:35:54 GMT[\r][\n]"
16:19:53.062 [Test worker] DEBUG org.apache.http.wire -  << "Keep-Alive: timeout=60[\r][\n]"
16:19:53.062 [Test worker] DEBUG org.apache.http.wire -  << "Connection: keep-alive[\r][\n]"
16:19:53.062 [Test worker] DEBUG org.apache.http.wire -  << "[\r][\n]"
16:19:53.062 [Test worker] DEBUG org.apache.http.impl.conn.DefaultClientConnection - Receiving response: HTTP/1.1 200 
16:19:53.062 [Test worker] DEBUG org.apache.http.headers - << HTTP/1.1 200 
16:19:53.062 [Test worker] DEBUG org.apache.http.headers - << Vary: Origin
16:19:53.062 [Test worker] DEBUG org.apache.http.headers - << Vary: Access-Control-Request-Method
16:19:53.062 [Test worker] DEBUG org.apache.http.headers - << Vary: Access-Control-Request-Headers
16:19:53.062 [Test worker] DEBUG org.apache.http.headers - << X-Content-Type-Options: nosniff
16:19:53.062 [Test worker] DEBUG org.apache.http.headers - << X-XSS-Protection: 1; mode=block
16:19:53.062 [Test worker] DEBUG org.apache.http.headers - << Cache-Control: no-cache, no-store, max-age=0, must-revalidate
16:19:53.062 [Test worker] DEBUG org.apache.http.headers - << Pragma: no-cache
16:19:53.062 [Test worker] DEBUG org.apache.http.headers - << Expires: 0
16:19:53.062 [Test worker] DEBUG org.apache.http.headers - << X-Frame-Options: DENY
16:19:53.062 [Test worker] DEBUG org.apache.http.headers - << Content-Type: application/json
16:19:53.063 [Test worker] DEBUG org.apache.http.headers - << Transfer-Encoding: chunked
16:19:53.063 [Test worker] DEBUG org.apache.http.headers - << Date: Tue, 05 Jul 2022 20:35:54 GMT
16:19:53.063 [Test worker] DEBUG org.apache.http.headers - << Keep-Alive: timeout=60
16:19:53.063 [Test worker] DEBUG org.apache.http.headers - << Connection: keep-alive
16:19:53.063 [Test worker] DEBUG org.apache.http.impl.client.DefaultHttpClient - Connection can be kept alive for 60000 MILLISECONDS
16:19:53.063 [Test worker] DEBUG io.restassured.internal.RequestSpecificationImpl$RestAssuredHttpBuilder - Parsing response as: application/json
16:19:53.063 [Test worker] DEBUG io.restassured.internal.RequestSpecificationImpl$RestAssuredHttpBuilder - Parsed data to instance of: class org.apache.http.conn.EofSensorInputStream
16:19:53.065 [Test worker] DEBUG org.apache.http.wire -  << "35[\r][\n]"
16:19:53.065 [Test worker] DEBUG org.apache.http.wire -  << "{"idexecution":"13044","message":"Execution Pending"}"
16:19:53.065 [Test worker] DEBUG org.apache.http.wire -  << "[\r][\n]"
16:19:53.065 [Test worker] DEBUG org.apache.http.wire -  << "0[\r][\n]"
16:19:53.065 [Test worker] DEBUG org.apache.http.wire -  << "[\r][\n]"
16:19:53.065 [Test worker] DEBUG org.apache.http.impl.conn.BasicClientConnectionManager - Releasing connection org.apache.http.impl.conn.ManagedClientConnectionImpl@1e211abd
16:19:53.065 [Test worker] DEBUG org.apache.http.impl.conn.BasicClientConnectionManager - Connection can be kept alive for 60000 MILLISECONDS


Se ejecuta API de Generacion del Token


16:19:53.083 [Test worker] DEBUG org.apache.http.impl.conn.BasicClientConnectionManager - Get connection for route {}->http://10.69.42.60:8089
16:19:53.083 [Test worker] DEBUG org.apache.http.impl.conn.DefaultClientConnectionOperator - Connecting to 10.69.42.60:8089
16:19:53.120 [Test worker] DEBUG org.apache.http.client.protocol.RequestAddCookies - CookieSpec selected: ignoreCookies
16:19:53.121 [Test worker] DEBUG org.apache.http.client.protocol.RequestAuthCache - Auth cache not set in the context
16:19:53.121 [Test worker] DEBUG org.apache.http.client.protocol.RequestTargetAuthentication - Target auth state: UNCHALLENGED
16:19:53.121 [Test worker] DEBUG org.apache.http.client.protocol.RequestProxyAuthentication - Proxy auth state: UNCHALLENGED
16:19:53.121 [Test worker] DEBUG org.apache.http.impl.client.DefaultHttpClient - Attempt 1 to execute request
16:19:53.121 [Test worker] DEBUG org.apache.http.impl.conn.DefaultClientConnection - Sending request: POST /api/authenticate-api HTTP/1.1
16:19:53.121 [Test worker] DEBUG org.apache.http.wire -  >> "POST /api/authenticate-api HTTP/1.1[\r][\n]"
16:19:53.121 [Test worker] DEBUG org.apache.http.wire -  >> "Accept: */*[\r][\n]"
16:19:53.121 [Test worker] DEBUG org.apache.http.wire -  >> "Content-Type: application/json; charset=UTF-8[\r][\n]"
16:19:53.121 [Test worker] DEBUG org.apache.http.wire -  >> "Content-Length: 68[\r][\n]"
16:19:53.121 [Test worker] DEBUG org.apache.http.wire -  >> "Host: 10.69.42.60:8089[\r][\n]"
16:19:53.121 [Test worker] DEBUG org.apache.http.wire -  >> "Connection: Keep-Alive[\r][\n]"
16:19:53.121 [Test worker] DEBUG org.apache.http.wire -  >> "User-Agent: Apache-HttpClient/4.5.9 (Java/1.8.0_291)[\r][\n]"
16:19:53.121 [Test worker] DEBUG org.apache.http.wire -  >> "Accept-Encoding: gzip,deflate[\r][\n]"
16:19:53.121 [Test worker] DEBUG org.apache.http.wire -  >> "[\r][\n]"
16:19:53.121 [Test worker] DEBUG org.apache.http.headers - >> POST /api/authenticate-api HTTP/1.1
16:19:53.121 [Test worker] DEBUG org.apache.http.headers - >> Accept: */*
16:19:53.121 [Test worker] DEBUG org.apache.http.headers - >> Content-Type: application/json; charset=UTF-8
16:19:53.121 [Test worker] DEBUG org.apache.http.headers - >> Content-Length: 68
16:19:53.121 [Test worker] DEBUG org.apache.http.headers - >> Host: 10.69.42.60:8089
16:19:53.121 [Test worker] DEBUG org.apache.http.headers - >> Connection: Keep-Alive
16:19:53.121 [Test worker] DEBUG org.apache.http.headers - >> User-Agent: Apache-HttpClient/4.5.9 (Java/1.8.0_291)
16:19:53.121 [Test worker] DEBUG org.apache.http.headers - >> Accept-Encoding: gzip,deflate
16:19:53.121 [Test worker] DEBUG org.apache.http.wire -  >> "{[\n]"
16:19:53.121 [Test worker] DEBUG org.apache.http.wire -  >> "    "username": "Natalia.Rios",[\n]"
16:19:53.121 [Test worker] DEBUG org.apache.http.wire -  >> "    "password": "NataliaRio.11-"[\n]"
16:19:53.121 [Test worker] DEBUG org.apache.http.wire -  >> "}"
16:19:53.195 [Test worker] DEBUG org.apache.http.wire -  << "HTTP/1.1 200 [\r][\n]"
16:19:53.196 [Test worker] DEBUG org.apache.http.wire -  << "Vary: Origin[\r][\n]"
16:19:53.196 [Test worker] DEBUG org.apache.http.wire -  << "Vary: Access-Control-Request-Method[\r][\n]"
16:19:53.196 [Test worker] DEBUG org.apache.http.wire -  << "Vary: Access-Control-Request-Headers[\r][\n]"
16:19:53.196 [Test worker] DEBUG org.apache.http.wire -  << "Vary: Origin[\r][\n]"
16:19:53.196 [Test worker] DEBUG org.apache.http.wire -  << "Vary: Access-Control-Request-Method[\r][\n]"
16:19:53.196 [Test worker] DEBUG org.apache.http.wire -  << "Vary: Access-Control-Request-Headers[\r][\n]"
16:19:53.196 [Test worker] DEBUG org.apache.http.wire -  << "X-Content-Type-Options: nosniff[\r][\n]"
16:19:53.196 [Test worker] DEBUG org.apache.http.wire -  << "X-XSS-Protection: 1; mode=block[\r][\n]"
16:19:53.196 [Test worker] DEBUG org.apache.http.wire -  << "Cache-Control: no-cache, no-store, max-age=0, must-revalidate[\r][\n]"
16:19:53.196 [Test worker] DEBUG org.apache.http.wire -  << "Pragma: no-cache[\r][\n]"
16:19:53.196 [Test worker] DEBUG org.apache.http.wire -  << "Expires: 0[\r][\n]"
16:19:53.196 [Test worker] DEBUG org.apache.http.wire -  << "X-Frame-Options: DENY[\r][\n]"
16:19:53.196 [Test worker] DEBUG org.apache.http.wire -  << "Content-Type: application/json[\r][\n]"
16:19:53.196 [Test worker] DEBUG org.apache.http.wire -  << "Transfer-Encoding: chunked[\r][\n]"
16:19:53.196 [Test worker] DEBUG org.apache.http.wire -  << "Date: Tue, 05 Jul 2022 20:35:55 GMT[\r][\n]"
16:19:53.196 [Test worker] DEBUG org.apache.http.wire -  << "Keep-Alive: timeout=60[\r][\n]"
16:19:53.196 [Test worker] DEBUG org.apache.http.wire -  << "Connection: keep-alive[\r][\n]"
16:19:53.196 [Test worker] DEBUG org.apache.http.wire -  << "[\r][\n]"
16:19:53.196 [Test worker] DEBUG org.apache.http.impl.conn.DefaultClientConnection - Receiving response: HTTP/1.1 200 
16:19:53.196 [Test worker] DEBUG org.apache.http.headers - << HTTP/1.1 200 
16:19:53.196 [Test worker] DEBUG org.apache.http.headers - << Vary: Origin
16:19:53.196 [Test worker] DEBUG org.apache.http.headers - << Vary: Access-Control-Request-Method
16:19:53.197 [Test worker] DEBUG org.apache.http.headers - << Vary: Access-Control-Request-Headers
16:19:53.197 [Test worker] DEBUG org.apache.http.headers - << Vary: Origin
16:19:53.197 [Test worker] DEBUG org.apache.http.headers - << Vary: Access-Control-Request-Method
16:19:53.197 [Test worker] DEBUG org.apache.http.headers - << Vary: Access-Control-Request-Headers
16:19:53.197 [Test worker] DEBUG org.apache.http.headers - << X-Content-Type-Options: nosniff
16:19:53.197 [Test worker] DEBUG org.apache.http.headers - << X-XSS-Protection: 1; mode=block
16:19:53.197 [Test worker] DEBUG org.apache.http.headers - << Cache-Control: no-cache, no-store, max-age=0, must-revalidate
16:19:53.197 [Test worker] DEBUG org.apache.http.headers - << Pragma: no-cache
16:19:53.197 [Test worker] DEBUG org.apache.http.headers - << Expires: 0
16:19:53.197 [Test worker] DEBUG org.apache.http.headers - << X-Frame-Options: DENY
16:19:53.197 [Test worker] DEBUG org.apache.http.headers - << Content-Type: application/json
16:19:53.197 [Test worker] DEBUG org.apache.http.headers - << Transfer-Encoding: chunked
16:19:53.197 [Test worker] DEBUG org.apache.http.headers - << Date: Tue, 05 Jul 2022 20:35:55 GMT
16:19:53.197 [Test worker] DEBUG org.apache.http.headers - << Keep-Alive: timeout=60
16:19:53.197 [Test worker] DEBUG org.apache.http.headers - << Connection: keep-alive
16:19:53.197 [Test worker] DEBUG org.apache.http.impl.client.DefaultHttpClient - Connection can be kept alive for 60000 MILLISECONDS
16:19:53.197 [Test worker] DEBUG io.restassured.internal.RequestSpecificationImpl$RestAssuredHttpBuilder - Parsing response as: application/json
16:19:53.197 [Test worker] DEBUG io.restassured.internal.RequestSpecificationImpl$RestAssuredHttpBuilder - Parsed data to instance of: class org.apache.http.conn.EofSensorInputStream
16:19:53.198 [Test worker] DEBUG org.apache.http.wire -  << "df[\r][\n]"
16:19:53.198 [Test worker] DEBUG org.apache.http.wire -  << "{"role":"Analista QA","rights":"ejecutar","username":"Natalia.Rios","token":"eyJhbGciOiJIUzI1NiJ9.eyJzdWIiOiJOYXRhbGlhLlJpb3NBUEkiLCJleHAiOjE2NTcwODkzNTUsImlhdCI6MTY1NzA1MzM1NX0.B5OQtvvxVSx0OPM6oAW_Cpqsglff7OqwF2Qv8FW4Wqk"}"
16:19:53.198 [Test worker] DEBUG org.apache.http.wire -  << "[\r][\n]"
16:19:53.198 [Test worker] DEBUG org.apache.http.wire -  << "0[\r][\n]"
16:19:53.198 [Test worker] DEBUG org.apache.http.wire -  << "[\r][\n]"
16:19:53.198 [Test worker] DEBUG org.apache.http.impl.conn.BasicClientConnectionManager - Releasing connection org.apache.http.impl.conn.ManagedClientConnectionImpl@c1d8448
16:19:53.198 [Test worker] DEBUG org.apache.http.impl.conn.BasicClientConnectionManager - Connection can be kept alive for 60000 MILLISECONDS


Se ejecuta API AutomatizaciÃ³n


16:19:53.221 [Test worker] DEBUG org.apache.http.impl.conn.BasicClientConnectionManager - Get connection for route {}->http://10.69.42.60:8089
16:19:53.221 [Test worker] DEBUG org.apache.http.impl.conn.DefaultClientConnectionOperator - Connecting to 10.69.42.60:8089
16:19:53.257 [Test worker] DEBUG org.apache.http.client.protocol.RequestAddCookies - CookieSpec selected: ignoreCookies
16:19:53.257 [Test worker] DEBUG org.apache.http.client.protocol.RequestAuthCache - Auth cache not set in the context
16:19:53.259 [Test worker] DEBUG org.apache.http.client.protocol.RequestProxyAuthentication - Proxy auth state: UNCHALLENGED
16:19:53.259 [Test worker] DEBUG org.apache.http.impl.client.DefaultHttpClient - Attempt 1 to execute request
16:19:53.259 [Test worker] DEBUG org.apache.http.impl.conn.DefaultClientConnection - Sending request: POST /api/external-automation HTTP/1.1
16:19:53.259 [Test worker] DEBUG org.apache.http.wire -  >> "POST /api/external-automation HTTP/1.1[\r][\n]"
16:19:53.259 [Test worker] DEBUG org.apache.http.wire -  >> "Authorization: Bearer eyJhbGciOiJIUzI1NiJ9.eyJzdWIiOiJOYXRhbGlhLlJpb3NBUEkiLCJleHAiOjE2NTcwODkzNTUsImlhdCI6MTY1NzA1MzM1NX0.B5OQtvvxVSx0OPM6oAW_Cpqsglff7OqwF2Qv8FW4Wqk[\r][\n]"
16:19:53.259 [Test worker] DEBUG org.apache.http.wire -  >> "Accept: */*[\r][\n]"
16:19:53.259 [Test worker] DEBUG org.apache.http.wire -  >> "Content-Type: application/json; charset=UTF-8[\r][\n]"
16:19:53.259 [Test worker] DEBUG org.apache.http.wire -  >> "Content-Length: 2089[\r][\n]"
16:19:53.259 [Test worker] DEBUG org.apache.http.wire -  >> "Host: 10.69.42.60:8089[\r][\n]"
16:19:53.259 [Test worker] DEBUG org.apache.http.wire -  >> "Connection: Keep-Alive[\r][\n]"
16:19:53.259 [Test worker] DEBUG org.apache.http.wire -  >> "User-Agent: Apache-HttpClient/4.5.9 (Java/1.8.0_291)[\r][\n]"
16:19:53.259 [Test worker] DEBUG org.apache.http.wire -  >> "Accept-Encoding: gzip,deflate[\r][\n]"
16:19:53.259 [Test worker] DEBUG org.apache.http.wire -  >> "[\r][\n]"
16:19:53.259 [Test worker] DEBUG org.apache.http.headers - >> POST /api/external-automation HTTP/1.1
16:19:53.259 [Test worker] DEBUG org.apache.http.headers - >> Authorization: Bearer eyJhbGciOiJIUzI1NiJ9.eyJzdWIiOiJOYXRhbGlhLlJpb3NBUEkiLCJleHAiOjE2NTcwODkzNTUsImlhdCI6MTY1NzA1MzM1NX0.B5OQtvvxVSx0OPM6oAW_Cpqsglff7OqwF2Qv8FW4Wqk
16:19:53.259 [Test worker] DEBUG org.apache.http.headers - >> Accept: */*
16:19:53.259 [Test worker] DEBUG org.apache.http.headers - >> Content-Type: application/json; charset=UTF-8
16:19:53.259 [Test worker] DEBUG org.apache.http.headers - >> Content-Length: 2089
16:19:53.259 [Test worker] DEBUG org.apache.http.headers - >> Host: 10.69.42.60:8089
16:19:53.259 [Test worker] DEBUG org.apache.http.headers - >> Connection: Keep-Alive
16:19:53.259 [Test worker] DEBUG org.apache.http.headers - >> User-Agent: Apache-HttpClient/4.5.9 (Java/1.8.0_291)
16:19:53.259 [Test worker] DEBUG org.apache.http.headers - >> Accept-Encoding: gzip,deflate
16:19:53.260 [Test worker] DEBUG org.apache.http.wire -  >> "{[\n]"
16:19:53.260 [Test worker] DEBUG org.apache.http.wire -  >> "    "contentFeature": [[\n]"
16:19:53.260 [Test worker] DEBUG org.apache.http.wire -  >> "        "Feature: Consultar Linea Detalles\n\n Scenario Outline: Consultar Linea Detalles\n\tGiven Deseo navegar a la pagina <urlCrm>\n And Ingreso rapidamente <userCrm> en el campo \"User\" sin captura\n And Ingreso rapidamente <passCrm> en el campo \"Password\" sin captura\n And Doy click en \"Submit\" sin captura\n And Espero que la pagina cargue\n When Doy click en \"Consultas\"\n And Espero que la pagina cargue\n And Selecciono en el arbol la opcion <postventa>\n And Selecciono en el arbol la opcion <integral>\n And Doy click en \"Nueva pantalla unica\"\n And Espero <tiempoEspera> segundos\n And Espero que el iFrame \"transaccion crm portal\" cargue\n And Cargo la pagina interna \"transaccion crm portal\"\n And Ingreso rapidamente <msisdn> en el campo \"Msisdn\"\n Then Doy click en \"Buscar\"\n And Espero que la pagina cargue\n And Valido que valor del campo \"estado linea\" sea <estadoLinea>\n And Doy click en \"Detalles\"\n And Espero <tiempoEsperaFinal> segundos\n\n Examples:\n|urlCrm|userCrm|passCrm|postventa|integral|tiempoEspera|msisdn|estadoLinea|tiempoEsperaFinal|\n|\"http://10.69.60.140:8280/portal/login?initialURI=%2Fportal%2FCRMPortal%2F\"|\"CP1112792576\"|\"Tigo.2022*\"|\"Consulta Posventa\"|\"Consulta Integral\"|\"3\"|\"3045981670\"|\"Activa\"|\"5\"|\n"[\n]"
16:19:53.260 [Test worker] DEBUG org.apache.http.wire -  >> "    ],[\n]"
16:19:53.260 [Test worker] DEBUG org.apache.http.wire -  >> "    "nameFeature": [[\n]"
16:19:53.260 [Test worker] DEBUG org.apache.http.wire -  >> "        "ESC001_ Consultar Linea Detalles"[\n]"
16:19:53.260 [Test worker] DEBUG org.apache.http.wire -  >> "    ],[\n]"
16:19:53.260 [Test worker] DEBUG org.apache.http.wire -  >> "    "contentProperties": [[\n]"
16:19:53.260 [Test worker] DEBUG org.apache.http.wire -  >> "        "|User=id:username|Password=id:password|Submit=name:login|Consultas=linkText:Consultas|Nueva pantalla unica=linkText:Nueva Pantalla Unica Clientes|transaccion crm portal=id:iframe|Msisdn=xpath://*[@id='j_id15:j_id26']|Buscar=//*[@id='j_id15:j_id27']|estado linea=//*[@id='j_id135:j_id187']|Detalles=id:j_id135:j_id188|"[\n]"
16:19:53.260 [Test worker] DEBUG org.apache.http.wire -  >> "    ],[\n]"
16:19:53.260 [Test worker] DEBUG org.apache.http.wire -  >> "    "allowsTrace": "0",[\n]"
16:19:53.260 [Test worker] DEBUG org.apache.http.wire -  >> "    "browser": "firefox",[\n]"
16:19:53.261 [Test worker] DEBUG org.apache.http.wire -  >> "    "aplicationType": [[\n]"
16:19:53.261 [Test worker] DEBUG org.apache.http.wire -  >> "        "Web"[\n]"
16:19:53.261 [Test worker] DEBUG org.apache.http.wire -  >> "    ],[\n]"
16:19:53.261 [Test worker] DEBUG org.apache.http.wire -  >> "    "aplication": [[\n]"
16:19:53.261 [Test worker] DEBUG org.apache.http.wire -  >> "        "CRM"[\n]"
16:19:53.261 [Test worker] DEBUG org.apache.http.wire -  >> "    ],[\n]"
16:19:53.261 [Test worker] DEBUG org.apache.http.wire -  >> "    "process": [[\n]"
16:19:53.261 [Test worker] DEBUG org.apache.http.wire -  >> "        " Consultar Linea Detalles"[\n]"
16:19:53.261 [Test worker] DEBUG org.apache.http.wire -  >> "    ],[\n]"
16:19:53.261 [Test worker] DEBUG org.apache.http.wire -  >> "    "iterations": [[\n]"
16:19:53.261 [Test worker] DEBUG org.apache.http.wire -  >> "        1[\n]"
16:19:53.261 [Test worker] DEBUG org.apache.http.wire -  >> "    ],[\n]"
16:19:53.261 [Test worker] DEBUG org.apache.http.wire -  >> "    "appTypeToValidate": [[\n]"
16:19:53.261 [Test worker] DEBUG org.apache.http.wire -  >> "        "1"[\n]"
16:19:53.261 [Test worker] DEBUG org.apache.http.wire -  >> "    ],[\n]"
16:19:53.261 [Test worker] DEBUG org.apache.http.wire -  >> "    "testError": false,[\n]"
16:19:53.261 [Test worker] DEBUG org.apache.http.wire -  >> "    "stopExecution": false[\n]"
16:19:53.261 [Test worker] DEBUG org.apache.http.wire -  >> "}"
16:19:53.347 [Test worker] DEBUG org.apache.http.wire -  << "HTTP/1.1 200 [\r][\n]"
16:19:53.347 [Test worker] DEBUG org.apache.http.wire -  << "Vary: Origin[\r][\n]"
16:19:53.347 [Test worker] DEBUG org.apache.http.wire -  << "Vary: Access-Control-Request-Method[\r][\n]"
16:19:53.347 [Test worker] DEBUG org.apache.http.wire -  << "Vary: Access-Control-Request-Headers[\r][\n]"
16:19:53.347 [Test worker] DEBUG org.apache.http.wire -  << "X-Content-Type-Options: nosniff[\r][\n]"
16:19:53.347 [Test worker] DEBUG org.apache.http.wire -  << "X-XSS-Protection: 1; mode=block[\r][\n]"
16:19:53.347 [Test worker] DEBUG org.apache.http.wire -  << "Cache-Control: no-cache, no-store, max-age=0, must-revalidate[\r][\n]"
16:19:53.347 [Test worker] DEBUG org.apache.http.wire -  << "Pragma: no-cache[\r][\n]"
16:19:53.347 [Test worker] DEBUG org.apache.http.wire -  << "Expires: 0[\r][\n]"
16:19:53.347 [Test worker] DEBUG org.apache.http.wire -  << "X-Frame-Options: DENY[\r][\n]"
16:19:53.347 [Test worker] DEBUG org.apache.http.wire -  << "Content-Type: application/json[\r][\n]"
16:19:53.347 [Test worker] DEBUG org.apache.http.wire -  << "Transfer-Encoding: chunked[\r][\n]"
16:19:53.347 [Test worker] DEBUG org.apache.http.wire -  << "Date: Tue, 05 Jul 2022 20:35:55 GMT[\r][\n]"
16:19:53.347 [Test worker] DEBUG org.apache.http.wire -  << "Keep-Alive: timeout=60[\r][\n]"
16:19:53.347 [Test worker] DEBUG org.apache.http.wire -  << "Connection: keep-alive[\r][\n]"
16:19:53.347 [Test worker] DEBUG org.apache.http.wire -  << "[\r][\n]"
16:19:53.347 [Test worker] DEBUG org.apache.http.impl.conn.DefaultClientConnection - Receiving response: HTTP/1.1 200 
16:19:53.347 [Test worker] DEBUG org.apache.http.headers - << HTTP/1.1 200 
16:19:53.347 [Test worker] DEBUG org.apache.http.headers - << Vary: Origin
16:19:53.347 [Test worker] DEBUG org.apache.http.headers - << Vary: Access-Control-Request-Method
16:19:53.347 [Test worker] DEBUG org.apache.http.headers - << Vary: Access-Control-Request-Headers
16:19:53.347 [Test worker] DEBUG org.apache.http.headers - << X-Content-Type-Options: nosniff
16:19:53.347 [Test worker] DEBUG org.apache.http.headers - << X-XSS-Protection: 1; mode=block
16:19:53.348 [Test worker] DEBUG org.apache.http.headers - << Cache-Control: no-cache, no-store, max-age=0, must-revalidate
16:19:53.348 [Test worker] DEBUG org.apache.http.headers - << Pragma: no-cache
16:19:53.348 [Test worker] DEBUG org.apache.http.headers - << Expires: 0
16:19:53.348 [Test worker] DEBUG org.apache.http.headers - << X-Frame-Options: DENY
16:19:53.348 [Test worker] DEBUG org.apache.http.headers - << Content-Type: application/json
16:19:53.348 [Test worker] DEBUG org.apache.http.headers - << Transfer-Encoding: chunked
16:19:53.348 [Test worker] DEBUG org.apache.http.headers - << Date: Tue, 05 Jul 2022 20:35:55 GMT
16:19:53.348 [Test worker] DEBUG org.apache.http.headers - << Keep-Alive: timeout=60
16:19:53.348 [Test worker] DEBUG org.apache.http.headers - << Connection: keep-alive
16:19:53.348 [Test worker] DEBUG org.apache.http.impl.client.DefaultHttpClient - Connection can be kept alive for 60000 MILLISECONDS
16:19:53.348 [Test worker] DEBUG io.restassured.internal.RequestSpecificationImpl$RestAssuredHttpBuilder - Parsing response as: application/json
16:19:53.348 [Test worker] DEBUG io.restassured.internal.RequestSpecificationImpl$RestAssuredHttpBuilder - Parsed data to instance of: class org.apache.http.conn.EofSensorInputStream
16:19:53.350 [Test worker] DEBUG org.apache.http.wire -  << "35[\r][\n]"
16:19:53.350 [Test worker] DEBUG org.apache.http.wire -  << "{"idexecution":"13045","message":"Execution Pending"}"
16:19:53.350 [Test worker] DEBUG org.apache.http.wire -  << "[\r][\n]"
16:19:53.350 [Test worker] DEBUG org.apache.http.wire -  << "0[\r][\n]"
16:19:53.350 [Test worker] DEBUG org.apache.http.wire -  << "[\r][\n]"
16:19:53.350 [Test worker] DEBUG org.apache.http.impl.conn.BasicClientConnectionManager - Releasing connection org.apache.http.impl.conn.ManagedClientConnectionImpl@aba2a74
16:19:53.350 [Test worker] DEBUG org.apache.http.impl.conn.BasicClientConnectionManager - Connection can be kept alive for 60000 MILLISECONDS


 Se ejecuta API de Consulta de Resultado 


16:19:53.401 [Test worker] DEBUG org.apache.http.impl.conn.BasicClientConnectionManager - Get connection for route {}->http://10.69.42.60:8089
16:19:53.401 [Test worker] DEBUG org.apache.http.impl.conn.DefaultClientConnectionOperator - Connecting to 10.69.42.60:8089
16:19:53.434 [Test worker] DEBUG org.apache.http.client.protocol.RequestAddCookies - CookieSpec selected: ignoreCookies
16:19:53.435 [Test worker] DEBUG org.apache.http.client.protocol.RequestAuthCache - Auth cache not set in the context
16:19:53.435 [Test worker] DEBUG org.apache.http.client.protocol.RequestProxyAuthentication - Proxy auth state: UNCHALLENGED
16:19:53.435 [Test worker] DEBUG org.apache.http.impl.client.DefaultHttpClient - Attempt 1 to execute request
16:19:53.435 [Test worker] DEBUG org.apache.http.impl.conn.DefaultClientConnection - Sending request: GET /api/execution-result?idexecution=13045 HTTP/1.1
16:19:53.435 [Test worker] DEBUG org.apache.http.wire -  >> "GET /api/execution-result?idexecution=13045 HTTP/1.1[\r][\n]"
16:19:53.435 [Test worker] DEBUG org.apache.http.wire -  >> "Content-Type: application/json; charset=UTF-8[\r][\n]"
16:19:53.435 [Test worker] DEBUG org.apache.http.wire -  >> "Authorization: Bearer eyJhbGciOiJIUzI1NiJ9.eyJzdWIiOiJOYXRhbGlhLlJpb3NBUEkiLCJleHAiOjE2NTcwODkzNTUsImlhdCI6MTY1NzA1MzM1NX0.B5OQtvvxVSx0OPM6oAW_Cpqsglff7OqwF2Qv8FW4Wqk[\r][\n]"
16:19:53.435 [Test worker] DEBUG org.apache.http.wire -  >> "Accept: */*[\r][\n]"
16:19:53.435 [Test worker] DEBUG org.apache.http.wire -  >> "Host: 10.69.42.60:8089[\r][\n]"
16:19:53.435 [Test worker] DEBUG org.apache.http.wire -  >> "Connection: Keep-Alive[\r][\n]"
16:19:53.435 [Test worker] DEBUG org.apache.http.wire -  >> "User-Agent: Apache-HttpClient/4.5.9 (Java/1.8.0_291)[\r][\n]"
16:19:53.435 [Test worker] DEBUG org.apache.http.wire -  >> "Accept-Encoding: gzip,deflate[\r][\n]"
16:19:53.436 [Test worker] DEBUG org.apache.http.wire -  >> "[\r][\n]"
16:19:53.436 [Test worker] DEBUG org.apache.http.headers - >> GET /api/execution-result?idexecution=13045 HTTP/1.1
16:19:53.436 [Test worker] DEBUG org.apache.http.headers - >> Content-Type: application/json; charset=UTF-8
16:19:53.436 [Test worker] DEBUG org.apache.http.headers - >> Authorization: Bearer eyJhbGciOiJIUzI1NiJ9.eyJzdWIiOiJOYXRhbGlhLlJpb3NBUEkiLCJleHAiOjE2NTcwODkzNTUsImlhdCI6MTY1NzA1MzM1NX0.B5OQtvvxVSx0OPM6oAW_Cpqsglff7OqwF2Qv8FW4Wqk
16:19:53.436 [Test worker] DEBUG org.apache.http.headers - >> Accept: */*
16:19:53.436 [Test worker] DEBUG org.apache.http.headers - >> Host: 10.69.42.60:8089
16:19:53.436 [Test worker] DEBUG org.apache.http.headers - >> Connection: Keep-Alive
16:19:53.436 [Test worker] DEBUG org.apache.http.headers - >> User-Agent: Apache-HttpClient/4.5.9 (Java/1.8.0_291)
16:19:53.436 [Test worker] DEBUG org.apache.http.headers - >> Accept-Encoding: gzip,deflate
16:19:53.490 [Test worker] DEBUG org.apache.http.wire -  << "HTTP/1.1 200 [\r][\n]"
16:19:53.490 [Test worker] DEBUG org.apache.http.wire -  << "Vary: Origin[\r][\n]"
16:19:53.490 [Test worker] DEBUG org.apache.http.wire -  << "Vary: Access-Control-Request-Method[\r][\n]"
16:19:53.490 [Test worker] DEBUG org.apache.http.wire -  << "Vary: Access-Control-Request-Headers[\r][\n]"
16:19:53.490 [Test worker] DEBUG org.apache.http.wire -  << "Vary: Origin[\r][\n]"
16:19:53.490 [Test worker] DEBUG org.apache.http.wire -  << "Vary: Access-Control-Request-Method[\r][\n]"
16:19:53.490 [Test worker] DEBUG org.apache.http.wire -  << "Vary: Access-Control-Request-Headers[\r][\n]"
16:19:53.490 [Test worker] DEBUG org.apache.http.wire -  << "X-Content-Type-Options: nosniff[\r][\n]"
16:19:53.490 [Test worker] DEBUG org.apache.http.wire -  << "X-XSS-Protection: 1; mode=block[\r][\n]"
16:19:53.490 [Test worker] DEBUG org.apache.http.wire -  << "Cache-Control: no-cache, no-store, max-age=0, must-revalidate[\r][\n]"
16:19:53.490 [Test worker] DEBUG org.apache.http.wire -  << "Pragma: no-cache[\r][\n]"
16:19:53.490 [Test worker] DEBUG org.apache.http.wire -  << "Expires: 0[\r][\n]"
16:19:53.490 [Test worker] DEBUG org.apache.http.wire -  << "X-Frame-Options: DENY[\r][\n]"
16:19:53.490 [Test worker] DEBUG org.apache.http.wire -  << "Content-Type: application/json[\r][\n]"
16:19:53.490 [Test worker] DEBUG org.apache.http.wire -  << "Transfer-Encoding: chunked[\r][\n]"
16:19:53.490 [Test worker] DEBUG org.apache.http.wire -  << "Date: Tue, 05 Jul 2022 20:35:55 GMT[\r][\n]"
16:19:53.490 [Test worker] DEBUG org.apache.http.wire -  << "Keep-Alive: timeout=60[\r][\n]"
16:19:53.490 [Test worker] DEBUG org.apache.http.wire -  << "Connection: keep-alive[\r][\n]"
16:19:53.490 [Test worker] DEBUG org.apache.http.wire -  << "[\r][\n]"
16:19:53.490 [Test worker] DEBUG org.apache.http.impl.conn.DefaultClientConnection - Receiving response: HTTP/1.1 200 
16:19:53.490 [Test worker] DEBUG org.apache.http.headers - << HTTP/1.1 200 
16:19:53.490 [Test worker] DEBUG org.apache.http.headers - << Vary: Origin
16:19:53.490 [Test worker] DEBUG org.apache.http.headers - << Vary: Access-Control-Request-Method
16:19:53.490 [Test worker] DEBUG org.apache.http.headers - << Vary: Access-Control-Request-Headers
16:19:53.490 [Test worker] DEBUG org.apache.http.headers - << Vary: Origin
16:19:53.491 [Test worker] DEBUG org.apache.http.headers - << Vary: Access-Control-Request-Method
16:19:53.491 [Test worker] DEBUG org.apache.http.headers - << Vary: Access-Control-Request-Headers
16:19:53.491 [Test worker] DEBUG org.apache.http.headers - << X-Content-Type-Options: nosniff
16:19:53.491 [Test worker] DEBUG org.apache.http.headers - << X-XSS-Protection: 1; mode=block
16:19:53.491 [Test worker] DEBUG org.apache.http.headers - << Cache-Control: no-cache, no-store, max-age=0, must-revalidate
16:19:53.491 [Test worker] DEBUG org.apache.http.headers - << Pragma: no-cache
16:19:53.491 [Test worker] DEBUG org.apache.http.headers - << Expires: 0
16:19:53.491 [Test worker] DEBUG org.apache.http.headers - << X-Frame-Options: DENY
16:19:53.491 [Test worker] DEBUG org.apache.http.headers - << Content-Type: application/json
16:19:53.491 [Test worker] DEBUG org.apache.http.headers - << Transfer-Encoding: chunked
16:19:53.491 [Test worker] DEBUG org.apache.http.headers - << Date: Tue, 05 Jul 2022 20:35:55 GMT
16:19:53.491 [Test worker] DEBUG org.apache.http.headers - << Keep-Alive: timeout=60
16:19:53.491 [Test worker] DEBUG org.apache.http.headers - << Connection: keep-alive
16:19:53.491 [Test worker] DEBUG org.apache.http.impl.client.DefaultHttpClient - Connection can be kept alive for 60000 MILLISECONDS
16:19:53.491 [Test worker] DEBUG io.restassured.internal.RequestSpecificationImpl$RestAssuredHttpBuilder - Parsing response as: application/json
16:19:53.492 [Test worker] DEBUG io.restassured.internal.RequestSpecificationImpl$RestAssuredHttpBuilder - Parsed data to instance of: class org.apache.http.conn.EofSensorInputStream
16:19:53.493 [Test worker] DEBUG org.apache.http.wire -  << "34[\r][\n]"
16:19:53.493 [Test worker] DEBUG org.apache.http.wire -  << "{"result":"Pendiente","executionStatus":"Pendiente"}"
16:19:53.493 [Test worker] DEBUG org.apache.http.wire -  << "[\r][\n]"
16:19:53.493 [Test worker] DEBUG org.apache.http.wire -  << "0[\r][\n]"
16:19:53.493 [Test worker] DEBUG org.apache.http.wire -  << "[\r][\n]"
16:19:53.493 [Test worker] DEBUG org.apache.http.impl.conn.BasicClientConnectionManager - Releasing connection org.apache.http.impl.conn.ManagedClientConnectionImpl@4afd828c
16:19:53.493 [Test worker] DEBUG org.apache.http.impl.conn.BasicClientConnectionManager - Connection can be kept alive for 60000 MILLISECONDS


 Se ejecuta API de Consulta de Resultado 


16:20:03.518 [Test worker] DEBUG org.apache.http.impl.conn.BasicClientConnectionManager - Get connection for route {}->http://10.69.42.60:8089
16:20:03.519 [Test worker] DEBUG org.apache.http.impl.conn.DefaultClientConnectionOperator - Connecting to 10.69.42.60:8089
16:20:03.556 [Test worker] DEBUG org.apache.http.client.protocol.RequestAddCookies - CookieSpec selected: ignoreCookies
16:20:03.556 [Test worker] DEBUG org.apache.http.client.protocol.RequestAuthCache - Auth cache not set in the context
16:20:03.556 [Test worker] DEBUG org.apache.http.client.protocol.RequestProxyAuthentication - Proxy auth state: UNCHALLENGED
16:20:03.556 [Test worker] DEBUG org.apache.http.impl.client.DefaultHttpClient - Attempt 1 to execute request
16:20:03.556 [Test worker] DEBUG org.apache.http.impl.conn.DefaultClientConnection - Sending request: GET /api/execution-result?idexecution=13045 HTTP/1.1
16:20:03.556 [Test worker] DEBUG org.apache.http.wire -  >> "GET /api/execution-result?idexecution=13045 HTTP/1.1[\r][\n]"
16:20:03.557 [Test worker] DEBUG org.apache.http.wire -  >> "Content-Type: application/json; charset=UTF-8[\r][\n]"
16:20:03.557 [Test worker] DEBUG org.apache.http.wire -  >> "Authorization: Bearer eyJhbGciOiJIUzI1NiJ9.eyJzdWIiOiJOYXRhbGlhLlJpb3NBUEkiLCJleHAiOjE2NTcwODkzNTUsImlhdCI6MTY1NzA1MzM1NX0.B5OQtvvxVSx0OPM6oAW_Cpqsglff7OqwF2Qv8FW4Wqk[\r][\n]"
16:20:03.557 [Test worker] DEBUG org.apache.http.wire -  >> "Accept: */*[\r][\n]"
16:20:03.557 [Test worker] DEBUG org.apache.http.wire -  >> "Host: 10.69.42.60:8089[\r][\n]"
16:20:03.557 [Test worker] DEBUG org.apache.http.wire -  >> "Connection: Keep-Alive[\r][\n]"
16:20:03.557 [Test worker] DEBUG org.apache.http.wire -  >> "User-Agent: Apache-HttpClient/4.5.9 (Java/1.8.0_291)[\r][\n]"
16:20:03.557 [Test worker] DEBUG org.apache.http.wire -  >> "Accept-Encoding: gzip,deflate[\r][\n]"
16:20:03.557 [Test worker] DEBUG org.apache.http.wire -  >> "[\r][\n]"
16:20:03.557 [Test worker] DEBUG org.apache.http.headers - >> GET /api/execution-result?idexecution=13045 HTTP/1.1
16:20:03.557 [Test worker] DEBUG org.apache.http.headers - >> Content-Type: application/json; charset=UTF-8
16:20:03.557 [Test worker] DEBUG org.apache.http.headers - >> Authorization: Bearer eyJhbGciOiJIUzI1NiJ9.eyJzdWIiOiJOYXRhbGlhLlJpb3NBUEkiLCJleHAiOjE2NTcwODkzNTUsImlhdCI6MTY1NzA1MzM1NX0.B5OQtvvxVSx0OPM6oAW_Cpqsglff7OqwF2Qv8FW4Wqk
16:20:03.557 [Test worker] DEBUG org.apache.http.headers - >> Accept: */*
16:20:03.557 [Test worker] DEBUG org.apache.http.headers - >> Host: 10.69.42.60:8089
16:20:03.557 [Test worker] DEBUG org.apache.http.headers - >> Connection: Keep-Alive
16:20:03.557 [Test worker] DEBUG org.apache.http.headers - >> User-Agent: Apache-HttpClient/4.5.9 (Java/1.8.0_291)
16:20:03.557 [Test worker] DEBUG org.apache.http.headers - >> Accept-Encoding: gzip,deflate
16:20:03.620 [Test worker] DEBUG org.apache.http.wire -  << "HTTP/1.1 200 [\r][\n]"
16:20:03.620 [Test worker] DEBUG org.apache.http.wire -  << "Vary: Origin[\r][\n]"
16:20:03.621 [Test worker] DEBUG org.apache.http.wire -  << "Vary: Access-Control-Request-Method[\r][\n]"
16:20:03.621 [Test worker] DEBUG org.apache.http.wire -  << "Vary: Access-Control-Request-Headers[\r][\n]"
16:20:03.621 [Test worker] DEBUG org.apache.http.wire -  << "Vary: Origin[\r][\n]"
16:20:03.621 [Test worker] DEBUG org.apache.http.wire -  << "Vary: Access-Control-Request-Method[\r][\n]"
16:20:03.621 [Test worker] DEBUG org.apache.http.wire -  << "Vary: Access-Control-Request-Headers[\r][\n]"
16:20:03.621 [Test worker] DEBUG org.apache.http.wire -  << "X-Content-Type-Options: nosniff[\r][\n]"
16:20:03.621 [Test worker] DEBUG org.apache.http.wire -  << "X-XSS-Protection: 1; mode=block[\r][\n]"
16:20:03.621 [Test worker] DEBUG org.apache.http.wire -  << "Cache-Control: no-cache, no-store, max-age=0, must-revalidate[\r][\n]"
16:20:03.621 [Test worker] DEBUG org.apache.http.wire -  << "Pragma: no-cache[\r][\n]"
16:20:03.621 [Test worker] DEBUG org.apache.http.wire -  << "Expires: 0[\r][\n]"
16:20:03.621 [Test worker] DEBUG org.apache.http.wire -  << "X-Frame-Options: DENY[\r][\n]"
16:20:03.621 [Test worker] DEBUG org.apache.http.wire -  << "Content-Type: application/json[\r][\n]"
16:20:03.621 [Test worker] DEBUG org.apache.http.wire -  << "Transfer-Encoding: chunked[\r][\n]"
16:20:03.621 [Test worker] DEBUG org.apache.http.wire -  << "Date: Tue, 05 Jul 2022 20:36:06 GMT[\r][\n]"
16:20:03.621 [Test worker] DEBUG org.apache.http.wire -  << "Keep-Alive: timeout=60[\r][\n]"
16:20:03.621 [Test worker] DEBUG org.apache.http.wire -  << "Connection: keep-alive[\r][\n]"
16:20:03.621 [Test worker] DEBUG org.apache.http.wire -  << "[\r][\n]"
16:20:03.621 [Test worker] DEBUG org.apache.http.impl.conn.DefaultClientConnection - Receiving response: HTTP/1.1 200 
16:20:03.621 [Test worker] DEBUG org.apache.http.headers - << HTTP/1.1 200 
16:20:03.621 [Test worker] DEBUG org.apache.http.headers - << Vary: Origin
16:20:03.621 [Test worker] DEBUG org.apache.http.headers - << Vary: Access-Control-Request-Method
16:20:03.621 [Test worker] DEBUG org.apache.http.headers - << Vary: Access-Control-Request-Headers
16:20:03.621 [Test worker] DEBUG org.apache.http.headers - << Vary: Origin
16:20:03.621 [Test worker] DEBUG org.apache.http.headers - << Vary: Access-Control-Request-Method
16:20:03.621 [Test worker] DEBUG org.apache.http.headers - << Vary: Access-Control-Request-Headers
16:20:03.621 [Test worker] DEBUG org.apache.http.headers - << X-Content-Type-Options: nosniff
16:20:03.621 [Test worker] DEBUG org.apache.http.headers - << X-XSS-Protection: 1; mode=block
16:20:03.621 [Test worker] DEBUG org.apache.http.headers - << Cache-Control: no-cache, no-store, max-age=0, must-revalidate
16:20:03.621 [Test worker] DEBUG org.apache.http.headers - << Pragma: no-cache
16:20:03.621 [Test worker] DEBUG org.apache.http.headers - << Expires: 0
16:20:03.621 [Test worker] DEBUG org.apache.http.headers - << X-Frame-Options: DENY
16:20:03.621 [Test worker] DEBUG org.apache.http.headers - << Content-Type: application/json
16:20:03.621 [Test worker] DEBUG org.apache.http.headers - << Transfer-Encoding: chunked
16:20:03.621 [Test worker] DEBUG org.apache.http.headers - << Date: Tue, 05 Jul 2022 20:36:06 GMT
16:20:03.621 [Test worker] DEBUG org.apache.http.headers - << Keep-Alive: timeout=60
16:20:03.621 [Test worker] DEBUG org.apache.http.headers - << Connection: keep-alive
16:20:03.621 [Test worker] DEBUG org.apache.http.impl.client.DefaultHttpClient - Connection can be kept alive for 60000 MILLISECONDS
16:20:03.621 [Test worker] DEBUG io.restassured.internal.RequestSpecificationImpl$RestAssuredHttpBuilder - Parsing response as: application/json
16:20:03.621 [Test worker] DEBUG io.restassured.internal.RequestSpecificationImpl$RestAssuredHttpBuilder - Parsed data to instance of: class org.apache.http.conn.EofSensorInputStream
16:20:03.622 [Test worker] DEBUG org.apache.http.wire -  << "34[\r][\n]"
16:20:03.622 [Test worker] DEBUG org.apache.http.wire -  << "{"result":"Pendiente","executionStatus":"Pendiente"}"
16:20:03.623 [Test worker] DEBUG org.apache.http.wire -  << "[\r][\n]"
16:20:03.623 [Test worker] DEBUG org.apache.http.wire -  << "0[\r][\n]"
16:20:03.623 [Test worker] DEBUG org.apache.http.wire -  << "[\r][\n]"
16:20:03.623 [Test worker] DEBUG org.apache.http.impl.conn.BasicClientConnectionManager - Releasing connection org.apache.http.impl.conn.ManagedClientConnectionImpl@28111f50
16:20:03.623 [Test worker] DEBUG org.apache.http.impl.conn.BasicClientConnectionManager - Connection can be kept alive for 60000 MILLISECONDS


 Se ejecuta API de Consulta de Resultado 


16:20:13.647 [Test worker] DEBUG org.apache.http.impl.conn.BasicClientConnectionManager - Get connection for route {}->http://10.69.42.60:8089
16:20:13.647 [Test worker] DEBUG org.apache.http.impl.conn.DefaultClientConnectionOperator - Connecting to 10.69.42.60:8089
16:20:13.689 [Test worker] DEBUG org.apache.http.client.protocol.RequestAddCookies - CookieSpec selected: ignoreCookies
16:20:13.690 [Test worker] DEBUG org.apache.http.client.protocol.RequestAuthCache - Auth cache not set in the context
16:20:13.690 [Test worker] DEBUG org.apache.http.client.protocol.RequestProxyAuthentication - Proxy auth state: UNCHALLENGED
16:20:13.690 [Test worker] DEBUG org.apache.http.impl.client.DefaultHttpClient - Attempt 1 to execute request
16:20:13.690 [Test worker] DEBUG org.apache.http.impl.conn.DefaultClientConnection - Sending request: GET /api/execution-result?idexecution=13045 HTTP/1.1
16:20:13.690 [Test worker] DEBUG org.apache.http.wire -  >> "GET /api/execution-result?idexecution=13045 HTTP/1.1[\r][\n]"
16:20:13.690 [Test worker] DEBUG org.apache.http.wire -  >> "Content-Type: application/json; charset=UTF-8[\r][\n]"
16:20:13.690 [Test worker] DEBUG org.apache.http.wire -  >> "Authorization: Bearer eyJhbGciOiJIUzI1NiJ9.eyJzdWIiOiJOYXRhbGlhLlJpb3NBUEkiLCJleHAiOjE2NTcwODkzNTUsImlhdCI6MTY1NzA1MzM1NX0.B5OQtvvxVSx0OPM6oAW_Cpqsglff7OqwF2Qv8FW4Wqk[\r][\n]"
16:20:13.690 [Test worker] DEBUG org.apache.http.wire -  >> "Accept: */*[\r][\n]"
16:20:13.690 [Test worker] DEBUG org.apache.http.wire -  >> "Host: 10.69.42.60:8089[\r][\n]"
16:20:13.690 [Test worker] DEBUG org.apache.http.wire -  >> "Connection: Keep-Alive[\r][\n]"
16:20:13.690 [Test worker] DEBUG org.apache.http.wire -  >> "User-Agent: Apache-HttpClient/4.5.9 (Java/1.8.0_291)[\r][\n]"
16:20:13.690 [Test worker] DEBUG org.apache.http.wire -  >> "Accept-Encoding: gzip,deflate[\r][\n]"
16:20:13.690 [Test worker] DEBUG org.apache.http.wire -  >> "[\r][\n]"
16:20:13.690 [Test worker] DEBUG org.apache.http.headers - >> GET /api/execution-result?idexecution=13045 HTTP/1.1
16:20:13.690 [Test worker] DEBUG org.apache.http.headers - >> Content-Type: application/json; charset=UTF-8
16:20:13.690 [Test worker] DEBUG org.apache.http.headers - >> Authorization: Bearer eyJhbGciOiJIUzI1NiJ9.eyJzdWIiOiJOYXRhbGlhLlJpb3NBUEkiLCJleHAiOjE2NTcwODkzNTUsImlhdCI6MTY1NzA1MzM1NX0.B5OQtvvxVSx0OPM6oAW_Cpqsglff7OqwF2Qv8FW4Wqk
16:20:13.690 [Test worker] DEBUG org.apache.http.headers - >> Accept: */*
16:20:13.690 [Test worker] DEBUG org.apache.http.headers - >> Host: 10.69.42.60:8089
16:20:13.690 [Test worker] DEBUG org.apache.http.headers - >> Connection: Keep-Alive
16:20:13.690 [Test worker] DEBUG org.apache.http.headers - >> User-Agent: Apache-HttpClient/4.5.9 (Java/1.8.0_291)
16:20:13.690 [Test worker] DEBUG org.apache.http.headers - >> Accept-Encoding: gzip,deflate
16:20:13.763 [Test worker] DEBUG org.apache.http.wire -  << "HTTP/1.1 200 [\r][\n]"
16:20:13.763 [Test worker] DEBUG org.apache.http.wire -  << "Vary: Origin[\r][\n]"
16:20:13.764 [Test worker] DEBUG org.apache.http.wire -  << "Vary: Access-Control-Request-Method[\r][\n]"
16:20:13.764 [Test worker] DEBUG org.apache.http.wire -  << "Vary: Access-Control-Request-Headers[\r][\n]"
16:20:13.764 [Test worker] DEBUG org.apache.http.wire -  << "Vary: Origin[\r][\n]"
16:20:13.764 [Test worker] DEBUG org.apache.http.wire -  << "Vary: Access-Control-Request-Method[\r][\n]"
16:20:13.764 [Test worker] DEBUG org.apache.http.wire -  << "Vary: Access-Control-Request-Headers[\r][\n]"
16:20:13.764 [Test worker] DEBUG org.apache.http.wire -  << "X-Content-Type-Options: nosniff[\r][\n]"
16:20:13.764 [Test worker] DEBUG org.apache.http.wire -  << "X-XSS-Protection: 1; mode=block[\r][\n]"
16:20:13.764 [Test worker] DEBUG org.apache.http.wire -  << "Cache-Control: no-cache, no-store, max-age=0, must-revalidate[\r][\n]"
16:20:13.764 [Test worker] DEBUG org.apache.http.wire -  << "Pragma: no-cache[\r][\n]"
16:20:13.764 [Test worker] DEBUG org.apache.http.wire -  << "Expires: 0[\r][\n]"
16:20:13.764 [Test worker] DEBUG org.apache.http.wire -  << "X-Frame-Options: DENY[\r][\n]"
16:20:13.764 [Test worker] DEBUG org.apache.http.wire -  << "Content-Type: application/json[\r][\n]"
16:20:13.764 [Test worker] DEBUG org.apache.http.wire -  << "Transfer-Encoding: chunked[\r][\n]"
16:20:13.764 [Test worker] DEBUG org.apache.http.wire -  << "Date: Tue, 05 Jul 2022 20:36:16 GMT[\r][\n]"
16:20:13.764 [Test worker] DEBUG org.apache.http.wire -  << "Keep-Alive: timeout=60[\r][\n]"
16:20:13.764 [Test worker] DEBUG org.apache.http.wire -  << "Connection: keep-alive[\r][\n]"
16:20:13.764 [Test worker] DEBUG org.apache.http.wire -  << "[\r][\n]"
16:20:13.764 [Test worker] DEBUG org.apache.http.impl.conn.DefaultClientConnection - Receiving response: HTTP/1.1 200 
16:20:13.764 [Test worker] DEBUG org.apache.http.headers - << HTTP/1.1 200 
16:20:13.764 [Test worker] DEBUG org.apache.http.headers - << Vary: Origin
16:20:13.764 [Test worker] DEBUG org.apache.http.headers - << Vary: Access-Control-Request-Method
16:20:13.764 [Test worker] DEBUG org.apache.http.headers - << Vary: Access-Control-Request-Headers
16:20:13.764 [Test worker] DEBUG org.apache.http.headers - << Vary: Origin
16:20:13.764 [Test worker] DEBUG org.apache.http.headers - << Vary: Access-Control-Request-Method
16:20:13.764 [Test worker] DEBUG org.apache.http.headers - << Vary: Access-Control-Request-Headers
16:20:13.764 [Test worker] DEBUG org.apache.http.headers - << X-Content-Type-Options: nosniff
16:20:13.764 [Test worker] DEBUG org.apache.http.headers - << X-XSS-Protection: 1; mode=block
16:20:13.764 [Test worker] DEBUG org.apache.http.headers - << Cache-Control: no-cache, no-store, max-age=0, must-revalidate
16:20:13.764 [Test worker] DEBUG org.apache.http.headers - << Pragma: no-cache
16:20:13.764 [Test worker] DEBUG org.apache.http.headers - << Expires: 0
16:20:13.764 [Test worker] DEBUG org.apache.http.headers - << X-Frame-Options: DENY
16:20:13.764 [Test worker] DEBUG org.apache.http.headers - << Content-Type: application/json
16:20:13.764 [Test worker] DEBUG org.apache.http.headers - << Transfer-Encoding: chunked
16:20:13.764 [Test worker] DEBUG org.apache.http.headers - << Date: Tue, 05 Jul 2022 20:36:16 GMT
16:20:13.764 [Test worker] DEBUG org.apache.http.headers - << Keep-Alive: timeout=60
16:20:13.764 [Test worker] DEBUG org.apache.http.headers - << Connection: keep-alive
16:20:13.764 [Test worker] DEBUG org.apache.http.impl.client.DefaultHttpClient - Connection can be kept alive for 60000 MILLISECONDS
16:20:13.765 [Test worker] DEBUG io.restassured.internal.RequestSpecificationImpl$RestAssuredHttpBuilder - Parsing response as: application/json
16:20:13.765 [Test worker] DEBUG io.restassured.internal.RequestSpecificationImpl$RestAssuredHttpBuilder - Parsed data to instance of: class org.apache.http.conn.EofSensorInputStream
16:20:13.766 [Test worker] DEBUG org.apache.http.wire -  << "34[\r][\n]"
16:20:13.767 [Test worker] DEBUG org.apache.http.wire -  << "{"result":"Pendiente","executionStatus":"Pendiente"}"
16:20:13.767 [Test worker] DEBUG org.apache.http.wire -  << "[\r][\n]"
16:20:13.767 [Test worker] DEBUG org.apache.http.wire -  << "0[\r][\n]"
16:20:13.767 [Test worker] DEBUG org.apache.http.wire -  << "[\r][\n]"
16:20:13.767 [Test worker] DEBUG org.apache.http.impl.conn.BasicClientConnectionManager - Releasing connection org.apache.http.impl.conn.ManagedClientConnectionImpl@348a2819
16:20:13.767 [Test worker] DEBUG org.apache.http.impl.conn.BasicClientConnectionManager - Connection can be kept alive for 60000 MILLISECONDS


 Se ejecuta API de Consulta de Resultado 


16:20:23.813 [Test worker] DEBUG org.apache.http.impl.conn.BasicClientConnectionManager - Get connection for route {}->http://10.69.42.60:8089
16:20:23.813 [Test worker] DEBUG org.apache.http.impl.conn.DefaultClientConnectionOperator - Connecting to 10.69.42.60:8089
16:20:23.852 [Test worker] DEBUG org.apache.http.client.protocol.RequestAddCookies - CookieSpec selected: ignoreCookies
16:20:23.852 [Test worker] DEBUG org.apache.http.client.protocol.RequestAuthCache - Auth cache not set in the context
16:20:23.852 [Test worker] DEBUG org.apache.http.client.protocol.RequestProxyAuthentication - Proxy auth state: UNCHALLENGED
16:20:23.852 [Test worker] DEBUG org.apache.http.impl.client.DefaultHttpClient - Attempt 1 to execute request
16:20:23.852 [Test worker] DEBUG org.apache.http.impl.conn.DefaultClientConnection - Sending request: GET /api/execution-result?idexecution=13045 HTTP/1.1
16:20:23.852 [Test worker] DEBUG org.apache.http.wire -  >> "GET /api/execution-result?idexecution=13045 HTTP/1.1[\r][\n]"
16:20:23.852 [Test worker] DEBUG org.apache.http.wire -  >> "Content-Type: application/json; charset=UTF-8[\r][\n]"
16:20:23.852 [Test worker] DEBUG org.apache.http.wire -  >> "Authorization: Bearer eyJhbGciOiJIUzI1NiJ9.eyJzdWIiOiJOYXRhbGlhLlJpb3NBUEkiLCJleHAiOjE2NTcwODkzNTUsImlhdCI6MTY1NzA1MzM1NX0.B5OQtvvxVSx0OPM6oAW_Cpqsglff7OqwF2Qv8FW4Wqk[\r][\n]"
[...]
16:24:57.240 [Test worker] DEBUG org.apache.http.wire -  << "Connection: keep-alive[\r][\n]"
16:24:57.240 [Test worker] DEBUG org.apache.http.wire -  << "[\r][\n]"
16:24:57.240 [Test worker] DEBUG org.apache.http.impl.conn.DefaultClientConnection - Receiving response: HTTP/1.1 200 
16:24:57.240 [Test worker] DEBUG org.apache.http.headers - << HTTP/1.1 200 
16:24:57.240 [Test worker] DEBUG org.apache.http.headers - << Vary: Origin
16:24:57.240 [Test worker] DEBUG org.apache.http.headers - << Vary: Access-Control-Request-Method
16:24:57.240 [Test worker] DEBUG org.apache.http.headers - << Vary: Access-Control-Request-Headers
16:24:57.240 [Test worker] DEBUG org.apache.http.headers - << Vary: Origin
16:24:57.240 [Test worker] DEBUG org.apache.http.headers - << Vary: Access-Control-Request-Method
16:24:57.240 [Test worker] DEBUG org.apache.http.headers - << Vary: Access-Control-Request-Headers
16:24:57.240 [Test worker] DEBUG org.apache.http.headers - << X-Content-Type-Options: nosniff
16:24:57.240 [Test worker] DEBUG org.apache.http.headers - << X-XSS-Protection: 1; mode=block
16:24:57.240 [Test worker] DEBUG org.apache.http.headers - << Cache-Control: no-cache, no-store, max-age=0, must-revalidate
16:24:57.240 [Test worker] DEBUG org.apache.http.headers - << Pragma: no-cache
16:24:57.240 [Test worker] DEBUG org.apache.http.headers - << Expires: 0
16:24:57.240 [Test worker] DEBUG org.apache.http.headers - << X-Frame-Options: DENY
16:24:57.240 [Test worker] DEBUG org.apache.http.headers - << Content-Type: application/json
16:24:57.240 [Test worker] DEBUG org.apache.http.headers - << Transfer-Encoding: chunked
16:24:57.240 [Test worker] DEBUG org.apache.http.headers - << Date: Tue, 05 Jul 2022 20:40:59 GMT
16:24:57.240 [Test worker] DEBUG org.apache.http.headers - << Keep-Alive: timeout=60
16:24:57.240 [Test worker] DEBUG org.apache.http.headers - << Connection: keep-alive
16:24:57.241 [Test worker] DEBUG org.apache.http.impl.client.DefaultHttpClient - Connection can be kept alive for 60000 MILLISECONDS
16:24:57.241 [Test worker] DEBUG io.restassured.internal.RequestSpecificationImpl$RestAssuredHttpBuilder - Parsing response as: application/json
16:24:57.241 [Test worker] DEBUG io.restassured.internal.RequestSpecificationImpl$RestAssuredHttpBuilder - Parsed data to instance of: class org.apache.http.conn.EofSensorInputStream
16:24:57.242 [Test worker] DEBUG org.apache.http.wire -  << "38[\r][\n]"
16:24:57.242 [Test worker] DEBUG org.apache.http.wire -  << "{"result":"Pendiente","executionStatus":"En ejecuci[0xc3][0xb3]n"}"
16:24:57.242 [Test worker] DEBUG org.apache.http.wire -  << "[\r][\n]"
16:24:57.242 [Test worker] DEBUG org.apache.http.wire -  << "0[\r][\n]"
16:24:57.242 [Test worker] DEBUG org.apache.http.wire -  << "[\r][\n]"
16:24:57.242 [Test worker] DEBUG org.apache.http.impl.conn.BasicClientConnectionManager - Releasing connection org.apache.http.impl.conn.ManagedClientConnectionImpl@6777e96e
16:24:57.242 [Test worker] DEBUG org.apache.http.impl.conn.BasicClientConnectionManager - Connection can be kept alive for 60000 MILLISECONDS


 Se ejecuta API de Consulta de Resultado 


16:25:07.252 [Test worker] DEBUG org.apache.http.impl.conn.BasicClientConnectionManager - Get connection for route {}->http://10.69.42.60:8089
16:25:07.252 [Test worker] DEBUG org.apache.http.impl.conn.DefaultClientConnectionOperator - Connecting to 10.69.42.60:8089
16:25:07.315 [Test worker] DEBUG org.apache.http.client.protocol.RequestAddCookies - CookieSpec selected: ignoreCookies
16:25:07.315 [Test worker] DEBUG org.apache.http.client.protocol.RequestAuthCache - Auth cache not set in the context
16:25:07.315 [Test worker] DEBUG org.apache.http.client.protocol.RequestProxyAuthentication - Proxy auth state: UNCHALLENGED
16:25:07.315 [Test worker] DEBUG org.apache.http.impl.client.DefaultHttpClient - Attempt 1 to execute request
16:25:07.315 [Test worker] DEBUG org.apache.http.impl.conn.DefaultClientConnection - Sending request: GET /api/execution-result?idexecution=13045 HTTP/1.1
16:25:07.315 [Test worker] DEBUG org.apache.http.wire -  >> "GET /api/execution-result?idexecution=13045 HTTP/1.1[\r][\n]"
16:25:07.315 [Test worker] DEBUG org.apache.http.wire -  >> "Content-Type: application/json; charset=UTF-8[\r][\n]"
16:25:07.315 [Test worker] DEBUG org.apache.http.wire -  >> "Authorization: Bearer eyJhbGciOiJIUzI1NiJ9.eyJzdWIiOiJOYXRhbGlhLlJpb3NBUEkiLCJleHAiOjE2NTcwODkzNTUsImlhdCI6MTY1NzA1MzM1NX0.B5OQtvvxVSx0OPM6oAW_Cpqsglff7OqwF2Qv8FW4Wqk[\r][\n]"
16:25:07.315 [Test worker] DEBUG org.apache.http.wire -  >> "Accept: */*[\r][\n]"
16:25:07.315 [Test worker] DEBUG org.apache.http.wire -  >> "Host: 10.69.42.60:8089[\r][\n]"
16:25:07.315 [Test worker] DEBUG org.apache.http.wire -  >> "Connection: Keep-Alive[\r][\n]"
16:25:07.315 [Test worker] DEBUG org.apache.http.wire -  >> "User-Agent: Apache-HttpClient/4.5.9 (Java/1.8.0_291)[\r][\n]"
16:25:07.315 [Test worker] DEBUG org.apache.http.wire -  >> "Accept-Encoding: gzip,deflate[\r][\n]"
16:25:07.315 [Test worker] DEBUG org.apache.http.wire -  >> "[\r][\n]"
16:25:07.315 [Test worker] DEBUG org.apache.http.headers - >> GET /api/execution-result?idexecution=13045 HTTP/1.1
16:25:07.315 [Test worker] DEBUG org.apache.http.headers - >> Content-Type: application/json; charset=UTF-8
16:25:07.315 [Test worker] DEBUG org.apache.http.headers - >> Authorization: Bearer eyJhbGciOiJIUzI1NiJ9.eyJzdWIiOiJOYXRhbGlhLlJpb3NBUEkiLCJleHAiOjE2NTcwODkzNTUsImlhdCI6MTY1NzA1MzM1NX0.B5OQtvvxVSx0OPM6oAW_Cpqsglff7OqwF2Qv8FW4Wqk
16:25:07.315 [Test worker] DEBUG org.apache.http.headers - >> Accept: */*
16:25:07.315 [Test worker] DEBUG org.apache.http.headers - >> Host: 10.69.42.60:8089
16:25:07.315 [Test worker] DEBUG org.apache.http.headers - >> Connection: Keep-Alive
16:25:07.315 [Test worker] DEBUG org.apache.http.headers - >> User-Agent: Apache-HttpClient/4.5.9 (Java/1.8.0_291)
16:25:07.315 [Test worker] DEBUG org.apache.http.headers - >> Accept-Encoding: gzip,deflate
16:25:07.371 [Test worker] DEBUG org.apache.http.wire -  << "HTTP/1.1 200 [\r][\n]"
16:25:07.371 [Test worker] DEBUG org.apache.http.wire -  << "Vary: Origin[\r][\n]"
16:25:07.371 [Test worker] DEBUG org.apache.http.wire -  << "Vary: Access-Control-Request-Method[\r][\n]"
16:25:07.371 [Test worker] DEBUG org.apache.http.wire -  << "Vary: Access-Control-Request-Headers[\r][\n]"
16:25:07.371 [Test worker] DEBUG org.apache.http.wire -  << "Vary: Origin[\r][\n]"
16:25:07.371 [Test worker] DEBUG org.apache.http.wire -  << "Vary: Access-Control-Request-Method[\r][\n]"
16:25:07.371 [Test worker] DEBUG org.apache.http.wire -  << "Vary: Access-Control-Request-Headers[\r][\n]"
16:25:07.371 [Test worker] DEBUG org.apache.http.wire -  << "X-Content-Type-Options: nosniff[\r][\n]"
16:25:07.371 [Test worker] DEBUG org.apache.http.wire -  << "X-XSS-Protection: 1; mode=block[\r][\n]"
16:25:07.371 [Test worker] DEBUG org.apache.http.wire -  << "Cache-Control: no-cache, no-store, max-age=0, must-revalidate[\r][\n]"
16:25:07.371 [Test worker] DEBUG org.apache.http.wire -  << "Pragma: no-cache[\r][\n]"
16:25:07.371 [Test worker] DEBUG org.apache.http.wire -  << "Expires: 0[\r][\n]"
16:25:07.371 [Test worker] DEBUG org.apache.http.wire -  << "X-Frame-Options: DENY[\r][\n]"
16:25:07.371 [Test worker] DEBUG org.apache.http.wire -  << "Content-Type: application/json[\r][\n]"
16:25:07.371 [Test worker] DEBUG org.apache.http.wire -  << "Transfer-Encoding: chunked[\r][\n]"
16:25:07.371 [Test worker] DEBUG org.apache.http.wire -  << "Date: Tue, 05 Jul 2022 20:41:09 GMT[\r][\n]"
16:25:07.371 [Test worker] DEBUG org.apache.http.wire -  << "Keep-Alive: timeout=60[\r][\n]"
16:25:07.371 [Test worker] DEBUG org.apache.http.wire -  << "Connection: keep-alive[\r][\n]"
16:25:07.371 [Test worker] DEBUG org.apache.http.wire -  << "[\r][\n]"
16:25:07.371 [Test worker] DEBUG org.apache.http.impl.conn.DefaultClientConnection - Receiving response: HTTP/1.1 200 
16:25:07.371 [Test worker] DEBUG org.apache.http.headers - << HTTP/1.1 200 
16:25:07.371 [Test worker] DEBUG org.apache.http.headers - << Vary: Origin
16:25:07.371 [Test worker] DEBUG org.apache.http.headers - << Vary: Access-Control-Request-Method
16:25:07.371 [Test worker] DEBUG org.apache.http.headers - << Vary: Access-Control-Request-Headers
16:25:07.371 [Test worker] DEBUG org.apache.http.headers - << Vary: Origin
16:25:07.371 [Test worker] DEBUG org.apache.http.headers - << Vary: Access-Control-Request-Method
16:25:07.371 [Test worker] DEBUG org.apache.http.headers - << Vary: Access-Control-Request-Headers
16:25:07.371 [Test worker] DEBUG org.apache.http.headers - << X-Content-Type-Options: nosniff
16:25:07.371 [Test worker] DEBUG org.apache.http.headers - << X-XSS-Protection: 1; mode=block
16:25:07.371 [Test worker] DEBUG org.apache.http.headers - << Cache-Control: no-cache, no-store, max-age=0, must-revalidate
16:25:07.371 [Test worker] DEBUG org.apache.http.headers - << Pragma: no-cache
16:25:07.371 [Test worker] DEBUG org.apache.http.headers - << Expires: 0
16:25:07.371 [Test worker] DEBUG org.apache.http.headers - << X-Frame-Options: DENY
16:25:07.371 [Test worker] DEBUG org.apache.http.headers - << Content-Type: application/json
16:25:07.371 [Test worker] DEBUG org.apache.http.headers - << Transfer-Encoding: chunked
16:25:07.371 [Test worker] DEBUG org.apache.http.headers - << Date: Tue, 05 Jul 2022 20:41:09 GMT
16:25:07.371 [Test worker] DEBUG org.apache.http.headers - << Keep-Alive: timeout=60
16:25:07.371 [Test worker] DEBUG org.apache.http.headers - << Connection: keep-alive
16:25:07.371 [Test worker] DEBUG org.apache.http.impl.client.DefaultHttpClient - Connection can be kept alive for 60000 MILLISECONDS
16:25:07.372 [Test worker] DEBUG io.restassured.internal.RequestSpecificationImpl$RestAssuredHttpBuilder - Parsing response as: application/json
16:25:07.372 [Test worker] DEBUG io.restassured.internal.RequestSpecificationImpl$RestAssuredHttpBuilder - Parsed data to instance of: class org.apache.http.conn.EofSensorInputStream
16:25:07.372 [Test worker] DEBUG org.apache.http.wire -  << "38[\r][\n]"
16:25:07.372 [Test worker] DEBUG org.apache.http.wire -  << "{"result":"Pendiente","executionStatus":"En ejecuci[0xc3][0xb3]n"}"
16:25:07.372 [Test worker] DEBUG org.apache.http.wire -  << "[\r][\n]"
16:25:07.372 [Test worker] DEBUG org.apache.http.wire -  << "0[\r][\n]"
16:25:07.372 [Test worker] DEBUG org.apache.http.wire -  << "[\r][\n]"
16:25:07.373 [Test worker] DEBUG org.apache.http.impl.conn.BasicClientConnectionManager - Releasing connection org.apache.http.impl.conn.ManagedClientConnectionImpl@52d3853e
16:25:07.373 [Test worker] DEBUG org.apache.http.impl.conn.BasicClientConnectionManager - Connection can be kept alive for 60000 MILLISECONDS


 Se ejecuta API de Consulta de Resultado 


16:25:17.383 [Test worker] DEBUG org.apache.http.impl.conn.BasicClientConnectionManager - Get connection for route {}->http://10.69.42.60:8089
16:25:17.384 [Test worker] DEBUG org.apache.http.impl.conn.DefaultClientConnectionOperator - Connecting to 10.69.42.60:8089
16:25:17.429 [Test worker] DEBUG org.apache.http.client.protocol.RequestAddCookies - CookieSpec selected: ignoreCookies
16:25:17.429 [Test worker] DEBUG org.apache.http.client.protocol.RequestAuthCache - Auth cache not set in the context
16:25:17.429 [Test worker] DEBUG org.apache.http.client.protocol.RequestProxyAuthentication - Proxy auth state: UNCHALLENGED
16:25:17.429 [Test worker] DEBUG org.apache.http.impl.client.DefaultHttpClient - Attempt 1 to execute request
16:25:17.429 [Test worker] DEBUG org.apache.http.impl.conn.DefaultClientConnection - Sending request: GET /api/execution-result?idexecution=13045 HTTP/1.1
16:25:17.429 [Test worker] DEBUG org.apache.http.wire -  >> "GET /api/execution-result?idexecution=13045 HTTP/1.1[\r][\n]"
16:25:17.429 [Test worker] DEBUG org.apache.http.wire -  >> "Content-Type: application/json; charset=UTF-8[\r][\n]"
16:25:17.429 [Test worker] DEBUG org.apache.http.wire -  >> "Authorization: Bearer eyJhbGciOiJIUzI1NiJ9.eyJzdWIiOiJOYXRhbGlhLlJpb3NBUEkiLCJleHAiOjE2NTcwODkzNTUsImlhdCI6MTY1NzA1MzM1NX0.B5OQtvvxVSx0OPM6oAW_Cpqsglff7OqwF2Qv8FW4Wqk[\r][\n]"
16:25:17.429 [Test worker] DEBUG org.apache.http.wire -  >> "Accept: */*[\r][\n]"
16:25:17.429 [Test worker] DEBUG org.apache.http.wire -  >> "Host: 10.69.42.60:8089[\r][\n]"
16:25:17.429 [Test worker] DEBUG org.apache.http.wire -  >> "Connection: Keep-Alive[\r][\n]"
16:25:17.429 [Test worker] DEBUG org.apache.http.wire -  >> "User-Agent: Apache-HttpClient/4.5.9 (Java/1.8.0_291)[\r][\n]"
16:25:17.429 [Test worker] DEBUG org.apache.http.wire -  >> "Accept-Encoding: gzip,deflate[\r][\n]"
16:25:17.429 [Test worker] DEBUG org.apache.http.wire -  >> "[\r][\n]"
16:25:17.429 [Test worker] DEBUG org.apache.http.headers - >> GET /api/execution-result?idexecution=13045 HTTP/1.1
16:25:17.429 [Test worker] DEBUG org.apache.http.headers - >> Content-Type: application/json; charset=UTF-8
16:25:17.429 [Test worker] DEBUG org.apache.http.headers - >> Authorization: Bearer eyJhbGciOiJIUzI1NiJ9.eyJzdWIiOiJOYXRhbGlhLlJpb3NBUEkiLCJleHAiOjE2NTcwODkzNTUsImlhdCI6MTY1NzA1MzM1NX0.B5OQtvvxVSx0OPM6oAW_Cpqsglff7OqwF2Qv8FW4Wqk
16:25:17.429 [Test worker] DEBUG org.apache.http.headers - >> Accept: */*
16:25:17.429 [Test worker] DEBUG org.apache.http.headers - >> Host: 10.69.42.60:8089
16:25:17.429 [Test worker] DEBUG org.apache.http.headers - >> Connection: Keep-Alive
16:25:17.429 [Test worker] DEBUG org.apache.http.headers - >> User-Agent: Apache-HttpClient/4.5.9 (Java/1.8.0_291)
16:25:17.429 [Test worker] DEBUG org.apache.http.headers - >> Accept-Encoding: gzip,deflate
16:25:17.483 [Test worker] DEBUG org.apache.http.wire -  << "HTTP/1.1 200 [\r][\n]"
16:25:17.483 [Test worker] DEBUG org.apache.http.wire -  << "Vary: Origin[\r][\n]"
16:25:17.483 [Test worker] DEBUG org.apache.http.wire -  << "Vary: Access-Control-Request-Method[\r][\n]"
16:25:17.483 [Test worker] DEBUG org.apache.http.wire -  << "Vary: Access-Control-Request-Headers[\r][\n]"
16:25:17.483 [Test worker] DEBUG org.apache.http.wire -  << "Vary: Origin[\r][\n]"
16:25:17.483 [Test worker] DEBUG org.apache.http.wire -  << "Vary: Access-Control-Request-Method[\r][\n]"
16:25:17.483 [Test worker] DEBUG org.apache.http.wire -  << "Vary: Access-Control-Request-Headers[\r][\n]"
16:25:17.483 [Test worker] DEBUG org.apache.http.wire -  << "X-Content-Type-Options: nosniff[\r][\n]"
16:25:17.483 [Test worker] DEBUG org.apache.http.wire -  << "X-XSS-Protection: 1; mode=block[\r][\n]"
16:25:17.483 [Test worker] DEBUG org.apache.http.wire -  << "Cache-Control: no-cache, no-store, max-age=0, must-revalidate[\r][\n]"
16:25:17.483 [Test worker] DEBUG org.apache.http.wire -  << "Pragma: no-cache[\r][\n]"
16:25:17.483 [Test worker] DEBUG org.apache.http.wire -  << "Expires: 0[\r][\n]"
16:25:17.483 [Test worker] DEBUG org.apache.http.wire -  << "X-Frame-Options: DENY[\r][\n]"
16:25:17.483 [Test worker] DEBUG org.apache.http.wire -  << "Content-Type: application/json[\r][\n]"
16:25:17.483 [Test worker] DEBUG org.apache.http.wire -  << "Transfer-Encoding: chunked[\r][\n]"
16:25:17.483 [Test worker] DEBUG org.apache.http.wire -  << "Date: Tue, 05 Jul 2022 20:41:20 GMT[\r][\n]"
16:25:17.483 [Test worker] DEBUG org.apache.http.wire -  << "Keep-Alive: timeout=60[\r][\n]"
16:25:17.483 [Test worker] DEBUG org.apache.http.wire -  << "Connection: keep-alive[\r][\n]"
16:25:17.483 [Test worker] DEBUG org.apache.http.wire -  << "[\r][\n]"
16:25:17.483 [Test worker] DEBUG org.apache.http.impl.conn.DefaultClientConnection - Receiving response: HTTP/1.1 200 
16:25:17.483 [Test worker] DEBUG org.apache.http.headers - << HTTP/1.1 200 
16:25:17.483 [Test worker] DEBUG org.apache.http.headers - << Vary: Origin
16:25:17.483 [Test worker] DEBUG org.apache.http.headers - << Vary: Access-Control-Request-Method
16:25:17.483 [Test worker] DEBUG org.apache.http.headers - << Vary: Access-Control-Request-Headers
16:25:17.483 [Test worker] DEBUG org.apache.http.headers - << Vary: Origin
16:25:17.483 [Test worker] DEBUG org.apache.http.headers - << Vary: Access-Control-Request-Method
16:25:17.483 [Test worker] DEBUG org.apache.http.headers - << Vary: Access-Control-Request-Headers
16:25:17.483 [Test worker] DEBUG org.apache.http.headers - << X-Content-Type-Options: nosniff
16:25:17.483 [Test worker] DEBUG org.apache.http.headers - << X-XSS-Protection: 1; mode=block
16:25:17.483 [Test worker] DEBUG org.apache.http.headers - << Cache-Control: no-cache, no-store, max-age=0, must-revalidate
16:25:17.483 [Test worker] DEBUG org.apache.http.headers - << Pragma: no-cache
16:25:17.483 [Test worker] DEBUG org.apache.http.headers - << Expires: 0
16:25:17.483 [Test worker] DEBUG org.apache.http.headers - << X-Frame-Options: DENY
16:25:17.483 [Test worker] DEBUG org.apache.http.headers - << Content-Type: application/json
16:25:17.483 [Test worker] DEBUG org.apache.http.headers - << Transfer-Encoding: chunked
16:25:17.483 [Test worker] DEBUG org.apache.http.headers - << Date: Tue, 05 Jul 2022 20:41:20 GMT
16:25:17.483 [Test worker] DEBUG org.apache.http.headers - << Keep-Alive: timeout=60
16:25:17.484 [Test worker] DEBUG org.apache.http.headers - << Connection: keep-alive
16:25:17.484 [Test worker] DEBUG org.apache.http.impl.client.DefaultHttpClient - Connection can be kept alive for 60000 MILLISECONDS
16:25:17.484 [Test worker] DEBUG io.restassured.internal.RequestSpecificationImpl$RestAssuredHttpBuilder - Parsing response as: application/json
16:25:17.484 [Test worker] DEBUG io.restassured.internal.RequestSpecificationImpl$RestAssuredHttpBuilder - Parsed data to instance of: class org.apache.http.conn.EofSensorInputStream
16:25:17.484 [Test worker] DEBUG org.apache.http.wire -  << "17a[\r][\n]"
16:25:17.484 [Test worker] DEBUG org.apache.http.wire -  << "{"result":["Error"],"executionStatus":"Terminado","urlEvidenceSerenity":"http://10.69.42.60:8092/assets/evidences/05_07_2022_16_18_43_506/Sox_Evidence.zip","urlEvidenceEvidenceComplete":"http://10.69.42.60:8092/assets/evidences/05_07_2022_16_18_43_506/Complete_Evidence.zip","urlEvidenceSox":"http://10.69.42.60:8092/assets/evidences/05_07_2022_16_18_43_506/reports/index.html"}"
16:25:17.484 [Test worker] DEBUG org.apache.http.wire -  << "[\r][\n]"
16:25:17.485 [Test worker] DEBUG org.apache.http.wire -  << "0[\r][\n]"
16:25:17.485 [Test worker] DEBUG org.apache.http.wire -  << "[\r][\n]"
16:25:17.485 [Test worker] DEBUG org.apache.http.impl.conn.BasicClientConnectionManager - Releasing connection org.apache.http.impl.conn.ManagedClientConnectionImpl@3d671cf9
16:25:17.485 [Test worker] DEBUG org.apache.http.impl.conn.BasicClientConnectionManager - Connection can be kept alive for 60000 MILLISECONDS


Ejecucion Fallida


16:25:17.679 [Test worker] ERROR net.thucydides.core.steps.ConsoleLoggingListener - 
           __  _____ _____ ____ _____   _____ _    ___ _     _____ ____  
  _       / / |_   _| ____/ ___|_   _| |  ___/ \  |_ _| |   | ____|  _ \ 
 (_)_____| |    | | |  _| \___ \ | |   | |_ / _ \  | || |   |  _| | | | |
  _|_____| |    | | | |___ ___) || |   |  _/ ___ \ | || |___| |___| |_| |
 (_)     | |    |_| |_____|____/ |_|   |_|/_/   \_\___|_____|_____|____/ 
          \_\                                                            

TEST FAILED: Realizar creacion catalogo Atp gestion cuentas suscripcion y ejecucion
--------------------------------------------------------------------------
16:25:17.681 [Test worker] DEBUG net.thucydides.core.steps.ConsoleLoggingListener - RELATED ISSUES: 
16:25:17.782 [Test worker] ERROR net.thucydides.core.steps.ConsoleLoggingListener - TEST FAILED AT STEP Then Se obtiene la respuesta de la ejecucion de la automatizacion
16:25:17.782 [Test worker] ERROR net.thucydides.core.steps.ConsoleLoggingListener - Finaliza de manera Exitosa la automatizacionExpected: "Exitoso" but: was "Error"
]]></system-out>
  <system-err><![CDATA[]]></system-err>
</testsuite>
